Using pre-set license
Built from '2022.3/staging' branch; Version is '2022.3.10f1 (ff3792e53c62) revision 16725906'; Using compiler version '192829333'; Build Type 'Release'
OS: 'Windows 11  (10.0.22621) 64bit Professional' Language: 'en' Physical Memory: 16125 MB
BatchMode: 1, IsHumanControllingUs: 0, StartBugReporterOnCrash: 0, Is64bit: 1, IsPro: 1

COMMAND LINE ARGUMENTS:
C:\Program Files\Unity\Hub\Editor\2022.3.10f1\Editor\Unity.exe
-adb2
-batchMode
-noUpm
-name
AssetImportWorker8
-projectPath
C:/Users/sange/OneDrive/Documents/GitHub/TherapyRoom/TherapyRoomScene
-logFile
Logs/AssetImportWorker8.log
-srvPort
55969
Successfully changed project path to: C:/Users/sange/OneDrive/Documents/GitHub/TherapyRoom/TherapyRoomScene
C:/Users/sange/OneDrive/Documents/GitHub/TherapyRoom/TherapyRoomScene
[UnityMemory] Configuration Parameters - Can be set up in boot.config
    "memorysetup-bucket-allocator-granularity=16"
    "memorysetup-bucket-allocator-bucket-count=8"
    "memorysetup-bucket-allocator-block-size=33554432"
    "memorysetup-bucket-allocator-block-count=8"
    "memorysetup-main-allocator-block-size=16777216"
    "memorysetup-thread-allocator-block-size=16777216"
    "memorysetup-gfx-main-allocator-block-size=16777216"
    "memorysetup-gfx-thread-allocator-block-size=16777216"
    "memorysetup-cache-allocator-block-size=4194304"
    "memorysetup-typetree-allocator-block-size=2097152"
    "memorysetup-profiler-bucket-allocator-granularity=16"
    "memorysetup-profiler-bucket-allocator-bucket-count=8"
    "memorysetup-profiler-bucket-allocator-block-size=33554432"
    "memorysetup-profiler-bucket-allocator-block-count=8"
    "memorysetup-profiler-allocator-block-size=16777216"
    "memorysetup-profiler-editor-allocator-block-size=1048576"
    "memorysetup-temp-allocator-size-main=16777216"
    "memorysetup-job-temp-allocator-block-size=2097152"
    "memorysetup-job-temp-allocator-block-size-background=1048576"
    "memorysetup-job-temp-allocator-reduction-small-platforms=262144"
    "memorysetup-allocator-temp-initial-block-size-main=262144"
    "memorysetup-allocator-temp-initial-block-size-worker=262144"
    "memorysetup-temp-allocator-size-background-worker=32768"
    "memorysetup-temp-allocator-size-job-worker=262144"
    "memorysetup-temp-allocator-size-preload-manager=33554432"
    "memorysetup-temp-allocator-size-nav-mesh-worker=65536"
    "memorysetup-temp-allocator-size-audio-worker=65536"
    "memorysetup-temp-allocator-size-cloud-worker=32768"
    "memorysetup-temp-allocator-size-gi-baking-worker=262144"
    "memorysetup-temp-allocator-size-gfx=262144"
Player connection [26876] Host "[IP] 10.217.184.7 [Port] 0 [Flags] 2 [Guid] 127053866 [EditorId] 127053866 [Version] 1048832 [Id] WindowsEditor(7,DarrenR21) [Debug] 1 [PackageName] WindowsEditor [ProjectName] Editor" joined multi-casting on [225.0.0.222:54997]...

Player connection [26876] Host "[IP] 10.217.184.7 [Port] 0 [Flags] 2 [Guid] 127053866 [EditorId] 127053866 [Version] 1048832 [Id] WindowsEditor(7,DarrenR21) [Debug] 1 [PackageName] WindowsEditor [ProjectName] Editor" joined alternative multi-casting on [225.0.0.222:34997]...

[Physics::Module] Initialized MultithreadedJobDispatcher with 15 workers.
Refreshing native plugins compatible for Editor in 6.11 ms, found 3 plugins.
Preloading 0 native plugins for Editor in 0.00 ms.
Initialize engine version: 2022.3.10f1 (ff3792e53c62)
[Subsystems] Discovering subsystems at path C:/Program Files/Unity/Hub/Editor/2022.3.10f1/Editor/Data/Resources/UnitySubsystems
[Subsystems] Discovering subsystems at path C:/Users/sange/OneDrive/Documents/GitHub/TherapyRoom/TherapyRoomScene/Assets
GfxDevice: creating device client; threaded=0; jobified=0
Direct3D:
    Version:  Direct3D 11.0 [level 11.1]
    Renderer: NVIDIA GeForce RTX 3060 Laptop GPU (ID=0x2520)
    Vendor:   NVIDIA
    VRAM:     6010 MB
    Driver:   31.0.15.4601
Initialize mono
Mono path[0] = 'C:/Program Files/Unity/Hub/Editor/2022.3.10f1/Editor/Data/Managed'
Mono path[1] = 'C:/Program Files/Unity/Hub/Editor/2022.3.10f1/Editor/Data/MonoBleedingEdge/lib/mono/unityjit-win32'
Mono config path = 'C:/Program Files/Unity/Hub/Editor/2022.3.10f1/Editor/Data/MonoBleedingEdge/etc'
Using monoOptions --debugger-agent=transport=dt_socket,embedding=1,server=y,suspend=n,address=127.0.0.1:56380
Begin MonoManager ReloadAssembly
Registering precompiled unity dll's ...
Register platform support module: C:/Program Files/Unity/Hub/Editor/2022.3.10f1/Editor/Data/PlaybackEngines/WindowsStandaloneSupport/UnityEditor.WindowsStandalone.Extensions.dll
Registered in 0.005925 seconds.
- Loaded All Assemblies, in  0.339 seconds
Native extension for WindowsStandalone target not found
Mono: successfully reloaded assembly
- Finished resetting the current domain, in  0.187 seconds
Domain Reload Profiling: 524ms
	BeginReloadAssembly (119ms)
		ExecutionOrderSort (0ms)
		DisableScriptedObjects (0ms)
		BackupInstance (0ms)
		ReleaseScriptingObjects (0ms)
		CreateAndSetChildDomain (1ms)
	RebuildCommonClasses (31ms)
	RebuildNativeTypeToScriptingClass (9ms)
	initialDomainReloadingComplete (49ms)
	LoadAllAssembliesAndSetupDomain (129ms)
		LoadAssemblies (117ms)
		RebuildTransferFunctionScriptingTraits (0ms)
		AnalyzeDomain (127ms)
			TypeCache.Refresh (126ms)
				TypeCache.ScanAssembly (112ms)
			ScanForSourceGeneratedMonoScriptInfo (0ms)
			ResolveRequiredComponents (0ms)
	FinalizeReload (187ms)
		ReleaseScriptCaches (0ms)
		RebuildScriptCaches (0ms)
		SetupLoadedEditorAssemblies (140ms)
			LogAssemblyErrors (0ms)
			InitializePlatformSupportModulesInManaged (7ms)
			SetLoadedEditorAssemblies (6ms)
			RefreshPlugins (0ms)
			BeforeProcessingInitializeOnLoad (1ms)
			ProcessInitializeOnLoadAttributes (92ms)
			ProcessInitializeOnLoadMethodAttributes (34ms)
			AfterProcessingInitializeOnLoad (0ms)
			EditorAssembliesLoaded (0ms)
		ExecutionOrderSort2 (0ms)
		AwakeInstancesAfterBackupRestoration (0ms)
========================================================================
Worker process is ready to serve import requests
Begin MonoManager ReloadAssembly
- Loaded All Assemblies, in  0.511 seconds
Refreshing native plugins compatible for Editor in 2.59 ms, found 3 plugins.
Native extension for WindowsStandalone target not found
Package Manager log level set to [2]
[Package Manager] Server::EnsureServerProcessIsRunning -- launch failed, reason: Unity was launched with the -noUpm command-line argument
[Package Manager] UpmClient::Send -- Unable to send message (not connected to UPM process).
[Package Manager] Cannot connect to Unity Package Manager local server
Mono: successfully reloaded assembly
- Finished resetting the current domain, in  0.414 seconds
Domain Reload Profiling: 923ms
	BeginReloadAssembly (123ms)
		ExecutionOrderSort (0ms)
		DisableScriptedObjects (4ms)
		BackupInstance (0ms)
		ReleaseScriptingObjects (0ms)
		CreateAndSetChildDomain (16ms)
	RebuildCommonClasses (25ms)
	RebuildNativeTypeToScriptingClass (8ms)
	initialDomainReloadingComplete (32ms)
	LoadAllAssembliesAndSetupDomain (321ms)
		LoadAssemblies (257ms)
		RebuildTransferFunctionScriptingTraits (0ms)
		AnalyzeDomain (136ms)
			TypeCache.Refresh (122ms)
				TypeCache.ScanAssembly (110ms)
			ScanForSourceGeneratedMonoScriptInfo (11ms)
			ResolveRequiredComponents (3ms)
	FinalizeReload (414ms)
		ReleaseScriptCaches (0ms)
		RebuildScriptCaches (0ms)
		SetupLoadedEditorAssemblies (307ms)
			LogAssemblyErrors (0ms)
			InitializePlatformSupportModulesInManaged (5ms)
			SetLoadedEditorAssemblies (4ms)
			RefreshPlugins (0ms)
			BeforeProcessingInitializeOnLoad (48ms)
			ProcessInitializeOnLoadAttributes (231ms)
			ProcessInitializeOnLoadMethodAttributes (13ms)
			AfterProcessingInitializeOnLoad (6ms)
			EditorAssembliesLoaded (0ms)
		ExecutionOrderSort2 (0ms)
		AwakeInstancesAfterBackupRestoration (5ms)
Launched and connected shader compiler UnityShaderCompiler.exe after 0.05 seconds
Refreshing native plugins compatible for Editor in 2.49 ms, found 3 plugins.
Preloading 0 native plugins for Editor in 0.00 ms.
Unloading 3069 Unused Serialized files (Serialized files now loaded: 0)
Unloading 31 unused Assets / (56.4 KB). Loaded Objects now: 3538.
Memory consumption went from 115.8 MB to 115.8 MB.
Total: 2.531800 ms (FindLiveObjects: 0.173900 ms CreateObjectMapping: 0.058700 ms MarkObjects: 2.210200 ms  DeleteObjects: 0.088100 ms)

AssetImportParameters requested are different than current active one (requested -> active):
  custom:container-demuxer-ogg: 62fdf1f143b41e24485cea50d1cbac27 -> 
  custom:video-codec-MediaFoundation-h265: 746d11721c4dcdbdad8f713fa42b33f4 -> 
  custom:video-decoder-ogg-theora: a1e56fd34408186e4bbccfd4996cb3dc -> 
  custom:framework-win-MediaFoundation: 216162199b28c13a410421893ffa2e32 -> 
  custom:CustomObjectIndexerAttribute: 756ad292c208cfabdd7b50bc23989ffe -> 
  custom:container-demuxer-webm: 4f35f7cbe854078d1ac9338744f61a02 -> 
  custom:container-muxer-webm: aa71ff27fc2769a1b78a27578f13a17b -> 
  custom:video-decoder-webm-vp8: 9c59270c3fd7afecdb556c50c9e8de78 -> 
  custom:SearchIndexIgnoredProperties: e643bd26f0fe6173181afceb89e7c659 -> 
  custom:AudioImporter_EditorPlatform: d09bf68614088b80899f8185d706f6e7 -> 
  custom:video-encoder-webm-vp8: eb34c28f22e8b96e1ab97ce403110664 -> 
  custom:audio-decoder-ogg-vorbis: bf7c407c2cedff20999df2af8eb42d56 -> 
  custom:audio-encoder-webm-vorbis: bf7c407c2cedff20999df2af8eb42d56 -> 
========================================================================
Received Import Request.
  Time since last request: 363203.621853 seconds.
  path: Assets/Furniture/Source/Mesh
  artifactKey: Guid(8562800842a08234fbf7b7ef7b6b5faf) Importer(815301076,1909f56bfc062723c751e8b465ee728b)
Start importing Assets/Furniture/Source/Mesh using Guid(8562800842a08234fbf7b7ef7b6b5faf) Importer(815301076,1909f56bfc062723c751e8b465ee728b)  -> (artifact id: 'f9883c4a320853213335fa03329576c3') in 0.002367 seconds
Number of updated asset objects reloaded before import = 0
Number of asset objects unloaded after import = 0
========================================================================
Received Import Request.
  Time since last request: 0.797612 seconds.
  path: Assets/Furniture/Source/Materials
  artifactKey: Guid(da229c6dd621251488648d65339dd2a1) Importer(815301076,1909f56bfc062723c751e8b465ee728b)
Start importing Assets/Furniture/Source/Materials using Guid(da229c6dd621251488648d65339dd2a1) Importer(815301076,1909f56bfc062723c751e8b465ee728b)  -> (artifact id: '7cb321497d5f665d6ffc5d74923befdc') in 0.000513 seconds
Number of updated asset objects reloaded before import = 0
Number of asset objects unloaded after import = 0
========================================================================
Received Import Request.
  Time since last request: 0.093022 seconds.
  path: Assets/Furniture/Source/Materials/Kom_BaseColor.mat
  artifactKey: Guid(50735be092ba0c449ae21a9c1a6195b8) Importer(815301076,1909f56bfc062723c751e8b465ee728b)
Start importing Assets/Furniture/Source/Materials/Kom_BaseColor.mat using Guid(50735be092ba0c449ae21a9c1a6195b8) Importer(815301076,1909f56bfc062723c751e8b465ee728b)  -> (artifact id: 'ca7c0289f1591eb4045ae500468cd15b') in 0.128511 seconds
Number of updated asset objects reloaded before import = 0
Number of asset objects unloaded after import = 4
========================================================================
Received Import Request.
  Time since last request: 2.156134 seconds.
  path: Assets/Furniture/Source/Mesh/MirrorComode2.fbx
  artifactKey: Guid(50c1a10f09bac3e4fa83b73c174ce7ad) Importer(815301076,1909f56bfc062723c751e8b465ee728b)
Start importing Assets/Furniture/Source/Mesh/MirrorComode2.fbx using Guid(50c1a10f09bac3e4fa83b73c174ce7ad) Importer(815301076,1909f56bfc062723c751e8b465ee728b)  -> (artifact id: 'bca347c9220c2edad0de86ee7c1c1d23') in 0.070726 seconds
Number of updated asset objects reloaded before import = 0
Number of asset objects unloaded after import = 12
========================================================================
Received Import Request.
  Time since last request: 1.084024 seconds.
  path: Assets/Furniture/Source/Textures/2Seat_BaseColor.tga
  artifactKey: Guid(6efeba75555bc534e893eedd901158ce) Importer(815301076,1909f56bfc062723c751e8b465ee728b)
Start importing Assets/Furniture/Source/Textures/2Seat_BaseColor.tga using Guid(6efeba75555bc534e893eedd901158ce) Importer(815301076,1909f56bfc062723c751e8b465ee728b)  -> (artifact id: '907bd719d7be289fc5344cd23790ba02') in 0.024420 seconds
Number of updated asset objects reloaded before import = 0
Number of asset objects unloaded after import = 2
========================================================================
Received Import Request.
  Time since last request: 0.000017 seconds.
  path: Assets/Furniture/Source/Textures/3Seat2_Normal.tga
  artifactKey: Guid(e7a62a18c972ca44abc3148673336008) Importer(815301076,1909f56bfc062723c751e8b465ee728b)
Start importing Assets/Furniture/Source/Textures/3Seat2_Normal.tga using Guid(e7a62a18c972ca44abc3148673336008) Importer(815301076,1909f56bfc062723c751e8b465ee728b)  -> (artifact id: 'f2d49491e95a48756dc4868bcd3b98cf') in 0.033860 seconds
Number of updated asset objects reloaded before import = 0
Number of asset objects unloaded after import = 2
========================================================================
Received Import Request.
  Time since last request: 0.000021 seconds.
  path: Assets/Furniture/Source/Textures/3Seat_BaseColor.tga
  artifactKey: Guid(b26ed971f51d79d4f85cb49b41444bcf) Importer(815301076,1909f56bfc062723c751e8b465ee728b)
Start importing Assets/Furniture/Source/Textures/3Seat_BaseColor.tga using Guid(b26ed971f51d79d4f85cb49b41444bcf) Importer(815301076,1909f56bfc062723c751e8b465ee728b)  -> (artifact id: '6c5401af6f500e032f296bd42970a1a4') in 0.023020 seconds
Number of updated asset objects reloaded before import = 0
Number of asset objects unloaded after import = 2
========================================================================
Received Import Request.
  Time since last request: 0.000028 seconds.
  path: Assets/Furniture/Source/Textures/chair_chair_Albedo.tga
  artifactKey: Guid(4ba86f10635d7034cac10dda5fb0e27e) Importer(815301076,1909f56bfc062723c751e8b465ee728b)
Start importing Assets/Furniture/Source/Textures/chair_chair_Albedo.tga using Guid(4ba86f10635d7034cac10dda5fb0e27e) Importer(815301076,1909f56bfc062723c751e8b465ee728b)  -> (artifact id: '007fa5d969b690fc05b1167c0adcb37e') in 0.033148 seconds
Number of updated asset objects reloaded before import = 0
Number of asset objects unloaded after import = 2
========================================================================
Received Import Request.
  Time since last request: 0.000015 seconds.
  path: Assets/Furniture/Source/Textures/fotel2_mask.tga
  artifactKey: Guid(0fb7f90caa5da0a47a20c31f8d66dfdb) Importer(815301076,1909f56bfc062723c751e8b465ee728b)
Start importing Assets/Furniture/Source/Textures/fotel2_mask.tga using Guid(0fb7f90caa5da0a47a20c31f8d66dfdb) Importer(815301076,1909f56bfc062723c751e8b465ee728b)  -> (artifact id: '4d448405ed47eb9ed607d5b9b0f17120') in 0.041170 seconds
Number of updated asset objects reloaded before import = 0
Number of asset objects unloaded after import = 2
========================================================================
Received Import Request.
  Time since last request: 0.000092 seconds.
  path: Assets/Furniture/Source/Textures/fotel2_BaseColor.tga
  artifactKey: Guid(5b9b4fdfc5a761b4b8b0a55a03597a4e) Importer(815301076,1909f56bfc062723c751e8b465ee728b)
Start importing Assets/Furniture/Source/Textures/fotel2_BaseColor.tga using Guid(5b9b4fdfc5a761b4b8b0a55a03597a4e) Importer(815301076,1909f56bfc062723c751e8b465ee728b)  -> (artifact id: '194dd8b0bf714f224bd2ab0fa45ddf70') in 0.039287 seconds
Number of updated asset objects reloaded before import = 0
Number of asset objects unloaded after import = 2
========================================================================
Received Import Request.
  Time since last request: 0.000131 seconds.
  path: Assets/Furniture/Source/Textures/Kom_mask.tga
  artifactKey: Guid(0077365039974c643b5e82731ad9261e) Importer(815301076,1909f56bfc062723c751e8b465ee728b)
Start importing Assets/Furniture/Source/Textures/Kom_mask.tga using Guid(0077365039974c643b5e82731ad9261e) Importer(815301076,1909f56bfc062723c751e8b465ee728b)  -> (artifact id: '4fcf034765f8bb6fe9240f5aae829800') in 0.023325 seconds
Number of updated asset objects reloaded before import = 0
Number of asset objects unloaded after import = 2
========================================================================
Received Import Request.
  Time since last request: 0.000024 seconds.
  path: Assets/Furniture/Source/Textures/closet_BaseColor.tga
  artifactKey: Guid(b30fe4002f5cf234e8a13f459c809505) Importer(815301076,1909f56bfc062723c751e8b465ee728b)
Start importing Assets/Furniture/Source/Textures/closet_BaseColor.tga using Guid(b30fe4002f5cf234e8a13f459c809505) Importer(815301076,1909f56bfc062723c751e8b465ee728b)  -> (artifact id: '22b73ef7272fd60e956060266f79ff6d') in 0.019162 seconds
Number of updated asset objects reloaded before import = 0
Number of asset objects unloaded after import = 2
========================================================================
Received Import Request.
  Time since last request: 0.000029 seconds.
  path: Assets/Furniture/Source/Textures/closet2_Normal.png
  artifactKey: Guid(cdd8f54c64236c74ea519dc146c6579f) Importer(815301076,1909f56bfc062723c751e8b465ee728b)
Start importing Assets/Furniture/Source/Textures/closet2_Normal.png using Guid(cdd8f54c64236c74ea519dc146c6579f) Importer(815301076,1909f56bfc062723c751e8b465ee728b)  -> (artifact id: 'a1480a3fefb6ea20c33524d820f844a1') in 0.022654 seconds
Number of updated asset objects reloaded before import = 0
Number of asset objects unloaded after import = 2
========================================================================
Received Import Request.
  Time since last request: 0.000037 seconds.
  path: Assets/Furniture/Source/Textures/closet3_Normal.png
  artifactKey: Guid(9b9805e3413e736459fea4fb7f7cbccd) Importer(815301076,1909f56bfc062723c751e8b465ee728b)
Start importing Assets/Furniture/Source/Textures/closet3_Normal.png using Guid(9b9805e3413e736459fea4fb7f7cbccd) Importer(815301076,1909f56bfc062723c751e8b465ee728b)  -> (artifact id: '320a2cd68cf9768a2ee431a4625422ed') in 0.022019 seconds
Number of updated asset objects reloaded before import = 0
Number of asset objects unloaded after import = 2
========================================================================
Received Import Request.
  Time since last request: 0.000018 seconds.
  path: Assets/Furniture/Source/Textures/fotel2D_Normal.tga
  artifactKey: Guid(69935d7f86f2bed45886b2eb30177bdc) Importer(815301076,1909f56bfc062723c751e8b465ee728b)
Start importing Assets/Furniture/Source/Textures/fotel2D_Normal.tga using Guid(69935d7f86f2bed45886b2eb30177bdc) Importer(815301076,1909f56bfc062723c751e8b465ee728b)  -> (artifact id: 'bc4080d6a0eb2e3a377d4a03494602ee') in 0.022793 seconds
Number of updated asset objects reloaded before import = 0
Number of asset objects unloaded after import = 2
========================================================================
Received Import Request.
  Time since last request: 0.000038 seconds.
  path: Assets/Furniture/Source/Textures/fotel2_Normal.tga
  artifactKey: Guid(df33d9bee18fb4d4996dcb12d1f0c3d7) Importer(815301076,1909f56bfc062723c751e8b465ee728b)
Start importing Assets/Furniture/Source/Textures/fotel2_Normal.tga using Guid(df33d9bee18fb4d4996dcb12d1f0c3d7) Importer(815301076,1909f56bfc062723c751e8b465ee728b)  -> (artifact id: '6d3a08b242d6c35047917de52edfc5ec') in 0.028947 seconds
Number of updated asset objects reloaded before import = 0
Number of asset objects unloaded after import = 2
========================================================================
Received Import Request.
  Time since last request: 0.000017 seconds.
  path: Assets/Furniture/Source/Textures/fotel2D_BaseColor.tga
  artifactKey: Guid(bc479da0ad59e3f4180fba37878275f1) Importer(815301076,1909f56bfc062723c751e8b465ee728b)
Start importing Assets/Furniture/Source/Textures/fotel2D_BaseColor.tga using Guid(bc479da0ad59e3f4180fba37878275f1) Importer(815301076,1909f56bfc062723c751e8b465ee728b)  -> (artifact id: '1d605e1b7365c37385f9d95015253563') in 0.032488 seconds
Number of updated asset objects reloaded before import = 0
Number of asset objects unloaded after import = 2
========================================================================
Received Import Request.
  Time since last request: 0.000024 seconds.
  path: Assets/Furniture/Source/Textures/closet_mask.tga
  artifactKey: Guid(d341078a1b455be4f9a278550b31fb3d) Importer(815301076,1909f56bfc062723c751e8b465ee728b)
Start importing Assets/Furniture/Source/Textures/closet_mask.tga using Guid(d341078a1b455be4f9a278550b31fb3d) Importer(815301076,1909f56bfc062723c751e8b465ee728b)  -> (artifact id: '39b6fed58c93986dc0a6e4b43c05c570') in 0.023932 seconds
Number of updated asset objects reloaded before import = 0
Number of asset objects unloaded after import = 2
========================================================================
Received Import Request.
  Time since last request: 0.000040 seconds.
  path: Assets/Furniture/Source/Textures/Kom_Normal.png
  artifactKey: Guid(81f27ea03c185a843bcb8d8bf17f2d2c) Importer(815301076,1909f56bfc062723c751e8b465ee728b)
Start importing Assets/Furniture/Source/Textures/Kom_Normal.png using Guid(81f27ea03c185a843bcb8d8bf17f2d2c) Importer(815301076,1909f56bfc062723c751e8b465ee728b)  -> (artifact id: 'f1b2e7cc23322ad6c70f2849b81ebe76') in 0.022281 seconds
Number of updated asset objects reloaded before import = 0
Number of asset objects unloaded after import = 2
========================================================================
Received Import Request.
  Time since last request: 0.000017 seconds.
  path: Assets/Furniture/Source/Textures/2SeatD_mask.tga
  artifactKey: Guid(f1d33e39cf03d834ba5ac2aaf7260c9c) Importer(815301076,1909f56bfc062723c751e8b465ee728b)
Start importing Assets/Furniture/Source/Textures/2SeatD_mask.tga using Guid(f1d33e39cf03d834ba5ac2aaf7260c9c) Importer(815301076,1909f56bfc062723c751e8b465ee728b)  -> (artifact id: 'd236086713756709261be1b86276a362') in 0.021943 seconds
Number of updated asset objects reloaded before import = 0
Number of asset objects unloaded after import = 2
========================================================================
Received Import Request.
  Time since last request: 0.000049 seconds.
  path: Assets/Furniture/Source/Textures/komm2_Normal.png
  artifactKey: Guid(b30f3540dbfc6ab49aceb559e7a42da8) Importer(815301076,1909f56bfc062723c751e8b465ee728b)
Start importing Assets/Furniture/Source/Textures/komm2_Normal.png using Guid(b30f3540dbfc6ab49aceb559e7a42da8) Importer(815301076,1909f56bfc062723c751e8b465ee728b)  -> (artifact id: '0c95607f9995e66c1cecbf687e2fb846') in 0.025219 seconds
Number of updated asset objects reloaded before import = 0
Number of asset objects unloaded after import = 2
========================================================================
Received Import Request.
  Time since last request: 0.000039 seconds.
  path: Assets/Furniture/Source/Textures/3Seat_Normal.tga
  artifactKey: Guid(e56d8a29b833bb9448ec149fdde0871c) Importer(815301076,1909f56bfc062723c751e8b465ee728b)
Start importing Assets/Furniture/Source/Textures/3Seat_Normal.tga using Guid(e56d8a29b833bb9448ec149fdde0871c) Importer(815301076,1909f56bfc062723c751e8b465ee728b)  -> (artifact id: '6db32c99d24624c46ea24804f1461fab') in 0.024092 seconds
Number of updated asset objects reloaded before import = 0
Number of asset objects unloaded after import = 2
========================================================================
Received Import Request.
  Time since last request: 0.000027 seconds.
  path: Assets/Furniture/Source/Textures/fotel2D_mask.tga
  artifactKey: Guid(d6c5dcab38d2a04459dc873b609af790) Importer(815301076,1909f56bfc062723c751e8b465ee728b)
Start importing Assets/Furniture/Source/Textures/fotel2D_mask.tga using Guid(d6c5dcab38d2a04459dc873b609af790) Importer(815301076,1909f56bfc062723c751e8b465ee728b)  -> (artifact id: '6e4b2f81500911de5d9462d7ec49bde8') in 0.024326 seconds
Number of updated asset objects reloaded before import = 0
Number of asset objects unloaded after import = 2
========================================================================
Received Import Request.
  Time since last request: 0.000018 seconds.
  path: Assets/Furniture/Source/Textures/3Seat2_BaseColor.tga
  artifactKey: Guid(a18aa7b38d8427e4093771dfcdac7c9e) Importer(815301076,1909f56bfc062723c751e8b465ee728b)
Start importing Assets/Furniture/Source/Textures/3Seat2_BaseColor.tga using Guid(a18aa7b38d8427e4093771dfcdac7c9e) Importer(815301076,1909f56bfc062723c751e8b465ee728b)  -> (artifact id: '31a71d16e0450ef30fe459c277ca1abd') in 0.020985 seconds
Number of updated asset objects reloaded before import = 0
Number of asset objects unloaded after import = 2
========================================================================
Received Import Request.
  Time since last request: 0.000045 seconds.
  path: Assets/Furniture/Source/Textures/closet2_BaseColor.tga
  artifactKey: Guid(3cf2e71fd5326784aba059aa990ce25c) Importer(815301076,1909f56bfc062723c751e8b465ee728b)
Start importing Assets/Furniture/Source/Textures/closet2_BaseColor.tga using Guid(3cf2e71fd5326784aba059aa990ce25c) Importer(815301076,1909f56bfc062723c751e8b465ee728b)  -> (artifact id: 'c0b68376229ed8a28b786acafaf77101') in 0.026309 seconds
Number of updated asset objects reloaded before import = 0
Number of asset objects unloaded after import = 2
========================================================================
Received Import Request.
  Time since last request: 0.000016 seconds.
  path: Assets/Furniture/Source/Textures/3Seat2D_BaseColor.tga
  artifactKey: Guid(81f0e90dc8142c943a860a051695d76d) Importer(815301076,1909f56bfc062723c751e8b465ee728b)
Start importing Assets/Furniture/Source/Textures/3Seat2D_BaseColor.tga using Guid(81f0e90dc8142c943a860a051695d76d) Importer(815301076,1909f56bfc062723c751e8b465ee728b)  -> (artifact id: '3b17e7d970cbdf2eafa3adb7105f6eed') in 0.018998 seconds
Number of updated asset objects reloaded before import = 0
Number of asset objects unloaded after import = 2
========================================================================
Received Import Request.
  Time since last request: 0.000018 seconds.
  path: Assets/Furniture/Source/Textures/komm2_mask.tga
  artifactKey: Guid(a1668777f602f39458d5e305d1360da7) Importer(815301076,1909f56bfc062723c751e8b465ee728b)
Start importing Assets/Furniture/Source/Textures/komm2_mask.tga using Guid(a1668777f602f39458d5e305d1360da7) Importer(815301076,1909f56bfc062723c751e8b465ee728b)  -> (artifact id: 'c578f712ca79fcee33d8cad3d48ebba7') in 0.023207 seconds
Number of updated asset objects reloaded before import = 0
Number of asset objects unloaded after import = 2
========================================================================
Received Import Request.
  Time since last request: 1.543178 seconds.
  path: Assets/JJ_InteriorDoorPack_V1/Prefabs
  artifactKey: Guid(e8812961c0bc5ce4b9e238cf56196acf) Importer(815301076,1909f56bfc062723c751e8b465ee728b)
Start importing Assets/JJ_InteriorDoorPack_V1/Prefabs using Guid(e8812961c0bc5ce4b9e238cf56196acf) Importer(815301076,1909f56bfc062723c751e8b465ee728b)  -> (artifact id: '6c2e37fb82843ae3b129c8c96453971b') in 0.000930 seconds
Number of updated asset objects reloaded before import = 0
Number of asset objects unloaded after import = 0
========================================================================
Received Import Request.
  Time since last request: 0.071010 seconds.
  path: Assets/JJ_InteriorDoorPack_V1/Prefabs/jj_door_1_red.prefab
  artifactKey: Guid(a16eae0af83edd24a9e7bdf1d02099e3) Importer(815301076,1909f56bfc062723c751e8b465ee728b)
Start importing Assets/JJ_InteriorDoorPack_V1/Prefabs/jj_door_1_red.prefab using Guid(a16eae0af83edd24a9e7bdf1d02099e3) Importer(815301076,1909f56bfc062723c751e8b465ee728b)  -> (artifact id: 'b12ab12a01455dc9f480d7b4a344a0e4') in 0.045248 seconds
Number of updated asset objects reloaded before import = 0
Number of asset objects unloaded after import = 29
========================================================================
Received Import Request.
  Time since last request: 0.000028 seconds.
  path: Assets/JJ_InteriorDoorPack_V1/Prefabs/jj_door_3_white.prefab
  artifactKey: Guid(1bbe2c604601fdb44b9e7eeec90773ef) Importer(815301076,1909f56bfc062723c751e8b465ee728b)
Start importing Assets/JJ_InteriorDoorPack_V1/Prefabs/jj_door_3_white.prefab using Guid(1bbe2c604601fdb44b9e7eeec90773ef) Importer(815301076,1909f56bfc062723c751e8b465ee728b)  -> (artifact id: 'ae00d9c333646b101858f065627b360f') in 0.041282 seconds
Number of updated asset objects reloaded before import = 0
Number of asset objects unloaded after import = 29
========================================================================
Received Import Request.
  Time since last request: 0.000019 seconds.
  path: Assets/JJ_InteriorDoorPack_V1/Prefabs/jj_door_2_white.prefab
  artifactKey: Guid(c77c4716527558745bd33873506541ac) Importer(815301076,1909f56bfc062723c751e8b465ee728b)
Start importing Assets/JJ_InteriorDoorPack_V1/Prefabs/jj_door_2_white.prefab using Guid(c77c4716527558745bd33873506541ac) Importer(815301076,1909f56bfc062723c751e8b465ee728b)  -> (artifact id: '31b9558a3eaf1f54ca56618c769f4466') in 0.041101 seconds
Number of updated asset objects reloaded before import = 0
Number of asset objects unloaded after import = 29
========================================================================
Received Import Request.
  Time since last request: 0.000042 seconds.
  path: Assets/JJ_InteriorDoorPack_V1/Prefabs/jj_door_4_red.prefab
  artifactKey: Guid(633cf74b7a917114ab31d983ee913530) Importer(815301076,1909f56bfc062723c751e8b465ee728b)
Start importing Assets/JJ_InteriorDoorPack_V1/Prefabs/jj_door_4_red.prefab using Guid(633cf74b7a917114ab31d983ee913530) Importer(815301076,1909f56bfc062723c751e8b465ee728b)  -> (artifact id: '476a35ab382d1bf4383b26cf4e5c1949') in 0.037029 seconds
Number of updated asset objects reloaded before import = 0
Number of asset objects unloaded after import = 29
========================================================================
Received Import Request.
  Time since last request: 0.000021 seconds.
  path: Assets/JJ_InteriorDoorPack_V1/Prefabs/jj_door_1_white_weathered.prefab
  artifactKey: Guid(fc9fa88e094285f4e9420f756be3b68d) Importer(815301076,1909f56bfc062723c751e8b465ee728b)
Start importing Assets/JJ_InteriorDoorPack_V1/Prefabs/jj_door_1_white_weathered.prefab using Guid(fc9fa88e094285f4e9420f756be3b68d) Importer(815301076,1909f56bfc062723c751e8b465ee728b)  -> (artifact id: '4455378ca3c6d333e29dc66cd069680c') in 0.043233 seconds
Number of updated asset objects reloaded before import = 0
Number of asset objects unloaded after import = 29
========================================================================
Received Import Request.
  Time since last request: 105.971476 seconds.
  path: Assets/Toon Furniture/Materials/Bed_2.mat
  artifactKey: Guid(23661dce65b8f53478b9b15db1ae1d49) Importer(815301076,1909f56bfc062723c751e8b465ee728b)
Start importing Assets/Toon Furniture/Materials/Bed_2.mat using Guid(23661dce65b8f53478b9b15db1ae1d49) Importer(815301076,1909f56bfc062723c751e8b465ee728b)  -> (artifact id: 'e2fbf0424750372cc06204b55792435d') in 0.015980 seconds
Number of updated asset objects reloaded before import = 0
Number of asset objects unloaded after import = 6
========================================================================
Received Import Request.
  Time since last request: 0.000016 seconds.
  path: Assets/Toon Furniture/Materials/Counter_3.mat
  artifactKey: Guid(8133c53ca4ed0c54c82be79fc0a4cec8) Importer(815301076,1909f56bfc062723c751e8b465ee728b)
Start importing Assets/Toon Furniture/Materials/Counter_3.mat using Guid(8133c53ca4ed0c54c82be79fc0a4cec8) Importer(815301076,1909f56bfc062723c751e8b465ee728b)  -> (artifact id: 'e0e26516cc2e11d95121640d93191a57') in 0.031452 seconds
Number of updated asset objects reloaded before import = 0
Number of asset objects unloaded after import = 6
========================================================================
Received Import Request.
  Time since last request: 0.776016 seconds.
  path: Assets/Toon Furniture/Models/Couch_1.fbx
  artifactKey: Guid(ac59d41bde6224c4089a0cfbf902d645) Importer(815301076,1909f56bfc062723c751e8b465ee728b)
Start importing Assets/Toon Furniture/Models/Couch_1.fbx using Guid(ac59d41bde6224c4089a0cfbf902d645) Importer(815301076,1909f56bfc062723c751e8b465ee728b)  -> (artifact id: '933b59b734978d61b4ed4c03b920aa1f') in 0.022319 seconds
Number of updated asset objects reloaded before import = 0
Number of asset objects unloaded after import = 19
========================================================================
Received Import Request.
  Time since last request: 10.434407 seconds.
  path: Assets/Toon Furniture/Prefabs/Couch_1.prefab
  artifactKey: Guid(57a32613b8338fb46b75889d19358690) Importer(815301076,1909f56bfc062723c751e8b465ee728b)
Start importing Assets/Toon Furniture/Prefabs/Couch_1.prefab using Guid(57a32613b8338fb46b75889d19358690) Importer(815301076,1909f56bfc062723c751e8b465ee728b)  -> (artifact id: '0447383dd15225b601d1e6e7e6f7cd02') in 0.014535 seconds
Number of updated asset objects reloaded before import = 0
Number of asset objects unloaded after import = 13
========================================================================
Received Import Request.
  Time since last request: 0.000014 seconds.
  path: Assets/Toon Furniture/Prefabs/Queen_Bed_2.prefab
  artifactKey: Guid(f4b6d9b5cf2500e419d8cb4fb82a84eb) Importer(815301076,1909f56bfc062723c751e8b465ee728b)
Start importing Assets/Toon Furniture/Prefabs/Queen_Bed_2.prefab using Guid(f4b6d9b5cf2500e419d8cb4fb82a84eb) Importer(815301076,1909f56bfc062723c751e8b465ee728b)  -> (artifact id: '2d5c64cfbbf8b00cb194c8d03f024c30') in 0.031752 seconds
Number of updated asset objects reloaded before import = 0
Number of asset objects unloaded after import = 30
========================================================================
Received Import Request.
  Time since last request: 185.956060 seconds.
  path: Assets/Toon Furniture/Materials
  artifactKey: Guid(ef510bab2bfec554b815c22982e8aeec) Importer(815301076,1909f56bfc062723c751e8b465ee728b)
Start importing Assets/Toon Furniture/Materials using Guid(ef510bab2bfec554b815c22982e8aeec) Importer(815301076,1909f56bfc062723c751e8b465ee728b)  -> (artifact id: '69de166440c6096bdcd71990f876053a') in 0.001108 seconds
Number of updated asset objects reloaded before import = 0
Number of asset objects unloaded after import = 0
========================================================================
Received Import Request.
  Time since last request: 152.316798 seconds.
  path: Assets/JJ_InteriorDoorPack_V1/Textures/T_intDoorWhite_AT.png
  artifactKey: Guid(63a72aa542003b0448ff3bd776b2db17) Importer(815301076,1909f56bfc062723c751e8b465ee728b)
Start importing Assets/JJ_InteriorDoorPack_V1/Textures/T_intDoorWhite_AT.png using Guid(63a72aa542003b0448ff3bd776b2db17) Importer(815301076,1909f56bfc062723c751e8b465ee728b)  -> (artifact id: 'c66f4d8b0da9b7e12a0d5ec36a22cb0d') in 0.026500 seconds
Number of updated asset objects reloaded before import = 0
Number of asset objects unloaded after import = 2
========================================================================
Received Import Request.
  Time since last request: 0.000018 seconds.
  path: Assets/JJ_InteriorDoorPack_V1/Textures/T_mat_intDoor2_white_N.png
  artifactKey: Guid(17395c27f9fd5304da2e1b44b492a681) Importer(815301076,1909f56bfc062723c751e8b465ee728b)
Start importing Assets/JJ_InteriorDoorPack_V1/Textures/T_mat_intDoor2_white_N.png using Guid(17395c27f9fd5304da2e1b44b492a681) Importer(815301076,1909f56bfc062723c751e8b465ee728b)  -> (artifact id: '6517b8537ebb491a3f752626f60c01ab') in 0.030255 seconds
Number of updated asset objects reloaded before import = 0
Number of asset objects unloaded after import = 2
========================================================================
Received Import Request.
  Time since last request: 0.000013 seconds.
  path: Assets/JJ_InteriorDoorPack_V1/Textures/T_mat_intDoor3_white_N.png
  artifactKey: Guid(de826d5ffb1c751469550b3cd776db7e) Importer(815301076,1909f56bfc062723c751e8b465ee728b)
Start importing Assets/JJ_InteriorDoorPack_V1/Textures/T_mat_intDoor3_white_N.png using Guid(de826d5ffb1c751469550b3cd776db7e) Importer(815301076,1909f56bfc062723c751e8b465ee728b)  -> (artifact id: '4ad894ab05c328797dc995a49cde385a') in 0.029440 seconds
Number of updated asset objects reloaded before import = 0
Number of asset objects unloaded after import = 2
========================================================================
Received Import Request.
  Time since last request: 0.000017 seconds.
  path: Assets/JJ_InteriorDoorPack_V1/Textures/T_mat_intDoor4_white_AT.png
  artifactKey: Guid(c42e01ab611739f4bb758a282e450297) Importer(815301076,1909f56bfc062723c751e8b465ee728b)
Start importing Assets/JJ_InteriorDoorPack_V1/Textures/T_mat_intDoor4_white_AT.png using Guid(c42e01ab611739f4bb758a282e450297) Importer(815301076,1909f56bfc062723c751e8b465ee728b)  -> (artifact id: '4f9b2ba5f4fda68c817c8dc0dec11d4e') in 0.026559 seconds
Number of updated asset objects reloaded before import = 0
Number of asset objects unloaded after import = 2
========================================================================
Received Import Request.
  Time since last request: 0.000153 seconds.
  path: Assets/JJ_InteriorDoorPack_V1/Textures/T_mat_intDoor3_white_AT.png
  artifactKey: Guid(da6ff30e8e8dccc41a0dc6a964fd78d1) Importer(815301076,1909f56bfc062723c751e8b465ee728b)
Start importing Assets/JJ_InteriorDoorPack_V1/Textures/T_mat_intDoor3_white_AT.png using Guid(da6ff30e8e8dccc41a0dc6a964fd78d1) Importer(815301076,1909f56bfc062723c751e8b465ee728b)  -> (artifact id: 'fa2f30c35bef857d9ab0a1be6cce5c93') in 0.022567 seconds
Number of updated asset objects reloaded before import = 0
Number of asset objects unloaded after import = 2
========================================================================
Received Import Request.
  Time since last request: 0.000026 seconds.
  path: Assets/JJ_InteriorDoorPack_V1/Textures/T_mat_intDoor4_red_N.png
  artifactKey: Guid(f39796180faeaeb47899872e3541afa6) Importer(815301076,1909f56bfc062723c751e8b465ee728b)
Start importing Assets/JJ_InteriorDoorPack_V1/Textures/T_mat_intDoor4_red_N.png using Guid(f39796180faeaeb47899872e3541afa6) Importer(815301076,1909f56bfc062723c751e8b465ee728b)  -> (artifact id: 'd0490eaaf1bfdfb1b3ac1f55471c767a') in 0.031930 seconds
Number of updated asset objects reloaded before import = 0
Number of asset objects unloaded after import = 2
========================================================================
Received Import Request.
  Time since last request: 0.000043 seconds.
  path: Assets/JJ_InteriorDoorPack_V1/Textures/T_mat_intDoor3_white_weathered_MS.png
  artifactKey: Guid(68c78c17848ee5b469c387e24a1d4157) Importer(815301076,1909f56bfc062723c751e8b465ee728b)
Start importing Assets/JJ_InteriorDoorPack_V1/Textures/T_mat_intDoor3_white_weathered_MS.png using Guid(68c78c17848ee5b469c387e24a1d4157) Importer(815301076,1909f56bfc062723c751e8b465ee728b)  -> (artifact id: '2c43498705e3eec52433cc76e2f41f88') in 0.020393 seconds
Number of updated asset objects reloaded before import = 0
Number of asset objects unloaded after import = 2
========================================================================
Received Import Request.
  Time since last request: 0.000043 seconds.
  path: Assets/JJ_InteriorDoorPack_V1/Textures/T_mat_intDoor1_red_weathered_AT.png
  artifactKey: Guid(88768fb049227ad43a63ab6b80d3b98f) Importer(815301076,1909f56bfc062723c751e8b465ee728b)
Start importing Assets/JJ_InteriorDoorPack_V1/Textures/T_mat_intDoor1_red_weathered_AT.png using Guid(88768fb049227ad43a63ab6b80d3b98f) Importer(815301076,1909f56bfc062723c751e8b465ee728b)  -> (artifact id: '6a55bd8b3597ddae7c4834d1cad3b65b') in 0.021450 seconds
Number of updated asset objects reloaded before import = 0
Number of asset objects unloaded after import = 2
========================================================================
Received Import Request.
  Time since last request: 0.000022 seconds.
  path: Assets/JJ_InteriorDoorPack_V1/Textures/T_intDoorWhite_N.png
  artifactKey: Guid(36c6b7cccffde90489c5379d61a6a54f) Importer(815301076,1909f56bfc062723c751e8b465ee728b)
Start importing Assets/JJ_InteriorDoorPack_V1/Textures/T_intDoorWhite_N.png using Guid(36c6b7cccffde90489c5379d61a6a54f) Importer(815301076,1909f56bfc062723c751e8b465ee728b)  -> (artifact id: '7fd3d6f35277d535166faab102ddd627') in 0.037336 seconds
Number of updated asset objects reloaded before import = 0
Number of asset objects unloaded after import = 2
========================================================================
Received Import Request.
  Time since last request: 0.000026 seconds.
  path: Assets/JJ_InteriorDoorPack_V1/Textures/T_mat_intDoor4_dark_weathered_AT.png
  artifactKey: Guid(937d4a8084b657f45bcf7deee13acbb8) Importer(815301076,1909f56bfc062723c751e8b465ee728b)
Start importing Assets/JJ_InteriorDoorPack_V1/Textures/T_mat_intDoor4_dark_weathered_AT.png using Guid(937d4a8084b657f45bcf7deee13acbb8) Importer(815301076,1909f56bfc062723c751e8b465ee728b)  -> (artifact id: 'cb1ac905cb0f65115c3408a824f282a3') in 0.027348 seconds
Number of updated asset objects reloaded before import = 0
Number of asset objects unloaded after import = 2
========================================================================
Received Import Request.
  Time since last request: 0.000034 seconds.
  path: Assets/JJ_InteriorDoorPack_V1/Textures/T_mat_intDoor3_white_weathered_N.png
  artifactKey: Guid(22b1fb3f99727104c84abc7227835341) Importer(815301076,1909f56bfc062723c751e8b465ee728b)
Start importing Assets/JJ_InteriorDoorPack_V1/Textures/T_mat_intDoor3_white_weathered_N.png using Guid(22b1fb3f99727104c84abc7227835341) Importer(815301076,1909f56bfc062723c751e8b465ee728b)  -> (artifact id: '45cd40b24e5157d9aafbf38d4934ac41') in 0.030632 seconds
Number of updated asset objects reloaded before import = 0
Number of asset objects unloaded after import = 2
========================================================================
Received Import Request.
  Time since last request: 0.000017 seconds.
  path: Assets/JJ_InteriorDoorPack_V1/Textures/T_mat_intDoor4_red_MS.png
  artifactKey: Guid(691c23ead314e064a8c5b3661d7b8811) Importer(815301076,1909f56bfc062723c751e8b465ee728b)
Start importing Assets/JJ_InteriorDoorPack_V1/Textures/T_mat_intDoor4_red_MS.png using Guid(691c23ead314e064a8c5b3661d7b8811) Importer(815301076,1909f56bfc062723c751e8b465ee728b)  -> (artifact id: 'b5ec96dd9f73896b91143bb7c2da626b') in 0.019826 seconds
Number of updated asset objects reloaded before import = 0
Number of asset objects unloaded after import = 2
========================================================================
Received Import Request.
  Time since last request: 0.000018 seconds.
  path: Assets/JJ_InteriorDoorPack_V1/Textures/T_mat_intDoor1_white_weathered_AT.png
  artifactKey: Guid(ec8d9c175fbd51641859a2a915ff3e64) Importer(815301076,1909f56bfc062723c751e8b465ee728b)
Start importing Assets/JJ_InteriorDoorPack_V1/Textures/T_mat_intDoor1_white_weathered_AT.png using Guid(ec8d9c175fbd51641859a2a915ff3e64) Importer(815301076,1909f56bfc062723c751e8b465ee728b)  -> (artifact id: '725a0154fa35bd10801daa08c7e62d2b') in 0.020241 seconds
Number of updated asset objects reloaded before import = 0
Number of asset objects unloaded after import = 2
========================================================================
Received Import Request.
  Time since last request: 0.000041 seconds.
  path: Assets/JJ_InteriorDoorPack_V1/Textures/T_mat_intDoor2_white_AT.png
  artifactKey: Guid(22298e305c1075343b31564a777f0f80) Importer(815301076,1909f56bfc062723c751e8b465ee728b)
Start importing Assets/JJ_InteriorDoorPack_V1/Textures/T_mat_intDoor2_white_AT.png using Guid(22298e305c1075343b31564a777f0f80) Importer(815301076,1909f56bfc062723c751e8b465ee728b)  -> (artifact id: '1bdbbca7f73140e96e232eef5a541352') in 0.021081 seconds
Number of updated asset objects reloaded before import = 0
Number of asset objects unloaded after import = 2
========================================================================
Received Import Request.
  Time since last request: 0.000029 seconds.
  path: Assets/JJ_InteriorDoorPack_V1/Textures/T_mat_intDoor4_dark_weathered_N.png
  artifactKey: Guid(a8660430309938045b0f007e50e31a09) Importer(815301076,1909f56bfc062723c751e8b465ee728b)
Start importing Assets/JJ_InteriorDoorPack_V1/Textures/T_mat_intDoor4_dark_weathered_N.png using Guid(a8660430309938045b0f007e50e31a09) Importer(815301076,1909f56bfc062723c751e8b465ee728b)  -> (artifact id: 'f59fcf63b7efb7ac56d76a44fbbbe656') in 0.023297 seconds
Number of updated asset objects reloaded before import = 0
Number of asset objects unloaded after import = 2
========================================================================
Received Import Request.
  Time since last request: 0.000018 seconds.
  path: Assets/JJ_InteriorDoorPack_V1/Textures/T_mat_intDoor4_dark_weathered_MS.png
  artifactKey: Guid(9c25bd1e81998384292a2471e467eaaf) Importer(815301076,1909f56bfc062723c751e8b465ee728b)
Start importing Assets/JJ_InteriorDoorPack_V1/Textures/T_mat_intDoor4_dark_weathered_MS.png using Guid(9c25bd1e81998384292a2471e467eaaf) Importer(815301076,1909f56bfc062723c751e8b465ee728b)  -> (artifact id: '2171d9655f84bc249ca66132276b013c') in 0.028233 seconds
Number of updated asset objects reloaded before import = 0
Number of asset objects unloaded after import = 2
========================================================================
Received Import Request.
  Time since last request: 15.586063 seconds.
  path: Assets/Azerilo/Free Rug Pack/Material/Material3.mat
  artifactKey: Guid(bec706126ee43674b8032c91f2ae69d3) Importer(815301076,1909f56bfc062723c751e8b465ee728b)
Start importing Assets/Azerilo/Free Rug Pack/Material/Material3.mat using Guid(bec706126ee43674b8032c91f2ae69d3) Importer(815301076,1909f56bfc062723c751e8b465ee728b)  -> (artifact id: '51637562b60d487fc7acf0316612ed92') in 0.014590 seconds
Number of updated asset objects reloaded before import = 0
Number of asset objects unloaded after import = 2
========================================================================
Received Import Request.
  Time since last request: 0.000019 seconds.
  path: Assets/Azerilo/Free Rug Pack/Material/rugTexture3.png
  artifactKey: Guid(1a0e46f0583d415448274439b9ae8eb5) Importer(815301076,1909f56bfc062723c751e8b465ee728b)
Start importing Assets/Azerilo/Free Rug Pack/Material/rugTexture3.png using Guid(1a0e46f0583d415448274439b9ae8eb5) Importer(815301076,1909f56bfc062723c751e8b465ee728b)  -> (artifact id: 'cfa25008640b4d9a11433355ff4b08a1') in 0.017783 seconds
Number of updated asset objects reloaded before import = 0
Number of asset objects unloaded after import = 2
========================================================================
Received Import Request.
  Time since last request: 26.221577 seconds.
  path: Assets/JJ_InteriorDoorPack_V1/Materials/mat_door1_white_weathered.mat
  artifactKey: Guid(921f156d2c5998d44b22d6603666191e) Importer(815301076,1909f56bfc062723c751e8b465ee728b)
Start importing Assets/JJ_InteriorDoorPack_V1/Materials/mat_door1_white_weathered.mat using Guid(921f156d2c5998d44b22d6603666191e) Importer(815301076,1909f56bfc062723c751e8b465ee728b)  -> (artifact id: '8227d9d26742d9b0b08af9b7b067cfeb') in 0.061203 seconds
Number of updated asset objects reloaded before import = 0
Number of asset objects unloaded after import = 4
========================================================================
Received Import Request.
  Time since last request: 0.000025 seconds.
  path: Assets/JJ_InteriorDoorPack_V1/Materials/mat_door4_red.mat
  artifactKey: Guid(2e98c6ea74596d744ae3a50751b4487b) Importer(815301076,1909f56bfc062723c751e8b465ee728b)
Start importing Assets/JJ_InteriorDoorPack_V1/Materials/mat_door4_red.mat using Guid(2e98c6ea74596d744ae3a50751b4487b) Importer(815301076,1909f56bfc062723c751e8b465ee728b)  -> (artifact id: 'b285808f3b2e370c5e9fa30926a66627') in 0.039125 seconds
Number of updated asset objects reloaded before import = 0
Number of asset objects unloaded after import = 4
========================================================================
Received Import Request.
  Time since last request: 0.000022 seconds.
  path: Assets/JJ_InteriorDoorPack_V1/Materials/mat_door3_white.mat
  artifactKey: Guid(2f91f9b6c519c5844b10ff61c9401ece) Importer(815301076,1909f56bfc062723c751e8b465ee728b)
Start importing Assets/JJ_InteriorDoorPack_V1/Materials/mat_door3_white.mat using Guid(2f91f9b6c519c5844b10ff61c9401ece) Importer(815301076,1909f56bfc062723c751e8b465ee728b)  -> (artifact id: '787611f5cf053e2ec06ee969310dae61') in 0.026304 seconds
Number of updated asset objects reloaded before import = 0
Number of asset objects unloaded after import = 4
Editor requested this worker to shutdown with reason: Scaling down because of idle timeout
TcpMessagingSession - receive error: operation aborted. errorcode: 995, details: The I/O operation has been aborted because of either a thread exit or an application request.
AssetImportWorker is now disconnected from the server
Process exiting
Exiting without the bug reporter. Application will terminate with return code 0