Using pre-set license
Built from '2022.3/staging' branch; Version is '2022.3.10f1 (ff3792e53c62) revision 16725906'; Using compiler version '192829333'; Build Type 'Release'
OS: 'Windows 11  (10.0.22621) 64bit Professional' Language: 'en' Physical Memory: 16125 MB
BatchMode: 1, IsHumanControllingUs: 0, StartBugReporterOnCrash: 0, Is64bit: 1, IsPro: 1

COMMAND LINE ARGUMENTS:
C:\Program Files\Unity\Hub\Editor\2022.3.10f1\Editor\Unity.exe
-adb2
-batchMode
-noUpm
-name
AssetImportWorker11
-projectPath
C:/Users/sange/OneDrive/Documents/GitHub/TherapyRoom/TherapyRoomScene
-logFile
Logs/AssetImportWorker11.log
-srvPort
55969
Successfully changed project path to: C:/Users/sange/OneDrive/Documents/GitHub/TherapyRoom/TherapyRoomScene
C:/Users/sange/OneDrive/Documents/GitHub/TherapyRoom/TherapyRoomScene
[UnityMemory] Configuration Parameters - Can be set up in boot.config
    "memorysetup-bucket-allocator-granularity=16"
    "memorysetup-bucket-allocator-bucket-count=8"
    "memorysetup-bucket-allocator-block-size=33554432"
    "memorysetup-bucket-allocator-block-count=8"
    "memorysetup-main-allocator-block-size=16777216"
    "memorysetup-thread-allocator-block-size=16777216"
    "memorysetup-gfx-main-allocator-block-size=16777216"
    "memorysetup-gfx-thread-allocator-block-size=16777216"
    "memorysetup-cache-allocator-block-size=4194304"
    "memorysetup-typetree-allocator-block-size=2097152"
    "memorysetup-profiler-bucket-allocator-granularity=16"
    "memorysetup-profiler-bucket-allocator-bucket-count=8"
    "memorysetup-profiler-bucket-allocator-block-size=33554432"
    "memorysetup-profiler-bucket-allocator-block-count=8"
    "memorysetup-profiler-allocator-block-size=16777216"
    "memorysetup-profiler-editor-allocator-block-size=1048576"
    "memorysetup-temp-allocator-size-main=16777216"
    "memorysetup-job-temp-allocator-block-size=2097152"
    "memorysetup-job-temp-allocator-block-size-background=1048576"
    "memorysetup-job-temp-allocator-reduction-small-platforms=262144"
    "memorysetup-allocator-temp-initial-block-size-main=262144"
    "memorysetup-allocator-temp-initial-block-size-worker=262144"
    "memorysetup-temp-allocator-size-background-worker=32768"
    "memorysetup-temp-allocator-size-job-worker=262144"
    "memorysetup-temp-allocator-size-preload-manager=33554432"
    "memorysetup-temp-allocator-size-nav-mesh-worker=65536"
    "memorysetup-temp-allocator-size-audio-worker=65536"
    "memorysetup-temp-allocator-size-cloud-worker=32768"
    "memorysetup-temp-allocator-size-gi-baking-worker=262144"
    "memorysetup-temp-allocator-size-gfx=262144"
Player connection [9952] Host "[IP] 10.217.184.7 [Port] 0 [Flags] 2 [Guid] 2363645609 [EditorId] 2363645609 [Version] 1048832 [Id] WindowsEditor(7,DarrenR21) [Debug] 1 [PackageName] WindowsEditor [ProjectName] Editor" joined multi-casting on [225.0.0.222:54997]...

Player connection [9952] Host "[IP] 10.217.184.7 [Port] 0 [Flags] 2 [Guid] 2363645609 [EditorId] 2363645609 [Version] 1048832 [Id] WindowsEditor(7,DarrenR21) [Debug] 1 [PackageName] WindowsEditor [ProjectName] Editor" joined alternative multi-casting on [225.0.0.222:34997]...

[Physics::Module] Initialized MultithreadedJobDispatcher with 15 workers.
Refreshing native plugins compatible for Editor in 10.06 ms, found 3 plugins.
Preloading 0 native plugins for Editor in 0.00 ms.
Initialize engine version: 2022.3.10f1 (ff3792e53c62)
[Subsystems] Discovering subsystems at path C:/Program Files/Unity/Hub/Editor/2022.3.10f1/Editor/Data/Resources/UnitySubsystems
[Subsystems] Discovering subsystems at path C:/Users/sange/OneDrive/Documents/GitHub/TherapyRoom/TherapyRoomScene/Assets
GfxDevice: creating device client; threaded=0; jobified=0
Direct3D:
    Version:  Direct3D 11.0 [level 11.1]
    Renderer: NVIDIA GeForce RTX 3060 Laptop GPU (ID=0x2520)
    Vendor:   NVIDIA
    VRAM:     6010 MB
    Driver:   31.0.15.4601
Initialize mono
Mono path[0] = 'C:/Program Files/Unity/Hub/Editor/2022.3.10f1/Editor/Data/Managed'
Mono path[1] = 'C:/Program Files/Unity/Hub/Editor/2022.3.10f1/Editor/Data/MonoBleedingEdge/lib/mono/unityjit-win32'
Mono config path = 'C:/Program Files/Unity/Hub/Editor/2022.3.10f1/Editor/Data/MonoBleedingEdge/etc'
Using monoOptions --debugger-agent=transport=dt_socket,embedding=1,server=y,suspend=n,address=127.0.0.1:56800
Begin MonoManager ReloadAssembly
Registering precompiled unity dll's ...
Register platform support module: C:/Program Files/Unity/Hub/Editor/2022.3.10f1/Editor/Data/PlaybackEngines/WindowsStandaloneSupport/UnityEditor.WindowsStandalone.Extensions.dll
Registered in 0.006093 seconds.
- Loaded All Assemblies, in  0.395 seconds
Native extension for WindowsStandalone target not found
Mono: successfully reloaded assembly
- Finished resetting the current domain, in  0.206 seconds
Domain Reload Profiling: 600ms
	BeginReloadAssembly (102ms)
		ExecutionOrderSort (0ms)
		DisableScriptedObjects (0ms)
		BackupInstance (0ms)
		ReleaseScriptingObjects (0ms)
		CreateAndSetChildDomain (1ms)
	RebuildCommonClasses (39ms)
	RebuildNativeTypeToScriptingClass (10ms)
	initialDomainReloadingComplete (52ms)
	LoadAllAssembliesAndSetupDomain (191ms)
		LoadAssemblies (100ms)
		RebuildTransferFunctionScriptingTraits (0ms)
		AnalyzeDomain (188ms)
			TypeCache.Refresh (186ms)
				TypeCache.ScanAssembly (165ms)
			ScanForSourceGeneratedMonoScriptInfo (1ms)
			ResolveRequiredComponents (1ms)
	FinalizeReload (207ms)
		ReleaseScriptCaches (0ms)
		RebuildScriptCaches (0ms)
		SetupLoadedEditorAssemblies (158ms)
			LogAssemblyErrors (0ms)
			InitializePlatformSupportModulesInManaged (8ms)
			SetLoadedEditorAssemblies (6ms)
			RefreshPlugins (0ms)
			BeforeProcessingInitializeOnLoad (2ms)
			ProcessInitializeOnLoadAttributes (103ms)
			ProcessInitializeOnLoadMethodAttributes (39ms)
			AfterProcessingInitializeOnLoad (0ms)
			EditorAssembliesLoaded (0ms)
		ExecutionOrderSort2 (0ms)
		AwakeInstancesAfterBackupRestoration (0ms)
========================================================================
Worker process is ready to serve import requests
Begin MonoManager ReloadAssembly
- Loaded All Assemblies, in  0.523 seconds
Refreshing native plugins compatible for Editor in 3.43 ms, found 3 plugins.
Native extension for WindowsStandalone target not found
Package Manager log level set to [2]
[Package Manager] Server::EnsureServerProcessIsRunning -- launch failed, reason: Unity was launched with the -noUpm command-line argument
[Package Manager] UpmClient::Send -- Unable to send message (not connected to UPM process).
[Package Manager] Cannot connect to Unity Package Manager local server
Mono: successfully reloaded assembly
- Finished resetting the current domain, in  0.454 seconds
Domain Reload Profiling: 975ms
	BeginReloadAssembly (126ms)
		ExecutionOrderSort (0ms)
		DisableScriptedObjects (5ms)
		BackupInstance (0ms)
		ReleaseScriptingObjects (0ms)
		CreateAndSetChildDomain (17ms)
	RebuildCommonClasses (25ms)
	RebuildNativeTypeToScriptingClass (8ms)
	initialDomainReloadingComplete (37ms)
	LoadAllAssembliesAndSetupDomain (324ms)
		LoadAssemblies (245ms)
		RebuildTransferFunctionScriptingTraits (0ms)
		AnalyzeDomain (153ms)
			TypeCache.Refresh (135ms)
				TypeCache.ScanAssembly (121ms)
			ScanForSourceGeneratedMonoScriptInfo (13ms)
			ResolveRequiredComponents (3ms)
	FinalizeReload (455ms)
		ReleaseScriptCaches (0ms)
		RebuildScriptCaches (0ms)
		SetupLoadedEditorAssemblies (329ms)
			LogAssemblyErrors (0ms)
			InitializePlatformSupportModulesInManaged (6ms)
			SetLoadedEditorAssemblies (4ms)
			RefreshPlugins (0ms)
			BeforeProcessingInitializeOnLoad (48ms)
			ProcessInitializeOnLoadAttributes (250ms)
			ProcessInitializeOnLoadMethodAttributes (14ms)
			AfterProcessingInitializeOnLoad (7ms)
			EditorAssembliesLoaded (0ms)
		ExecutionOrderSort2 (0ms)
		AwakeInstancesAfterBackupRestoration (6ms)
Launched and connected shader compiler UnityShaderCompiler.exe after 0.05 seconds
Refreshing native plugins compatible for Editor in 3.37 ms, found 3 plugins.
Preloading 0 native plugins for Editor in 0.00 ms.
Unloading 3069 Unused Serialized files (Serialized files now loaded: 0)
Unloading 31 unused Assets / (56.4 KB). Loaded Objects now: 3538.
Memory consumption went from 115.9 MB to 115.8 MB.
Total: 3.682500 ms (FindLiveObjects: 0.252900 ms CreateObjectMapping: 0.081400 ms MarkObjects: 3.252300 ms  DeleteObjects: 0.094700 ms)

AssetImportParameters requested are different than current active one (requested -> active):
  custom:container-demuxer-ogg: 62fdf1f143b41e24485cea50d1cbac27 -> 
  custom:video-codec-MediaFoundation-h265: 746d11721c4dcdbdad8f713fa42b33f4 -> 
  custom:video-decoder-ogg-theora: a1e56fd34408186e4bbccfd4996cb3dc -> 
  custom:framework-win-MediaFoundation: 216162199b28c13a410421893ffa2e32 -> 
  custom:CustomObjectIndexerAttribute: 756ad292c208cfabdd7b50bc23989ffe -> 
  custom:container-demuxer-webm: 4f35f7cbe854078d1ac9338744f61a02 -> 
  custom:container-muxer-webm: aa71ff27fc2769a1b78a27578f13a17b -> 
  custom:video-decoder-webm-vp8: 9c59270c3fd7afecdb556c50c9e8de78 -> 
  custom:SearchIndexIgnoredProperties: e643bd26f0fe6173181afceb89e7c659 -> 
  custom:AudioImporter_EditorPlatform: d09bf68614088b80899f8185d706f6e7 -> 
  custom:video-encoder-webm-vp8: eb34c28f22e8b96e1ab97ce403110664 -> 
  custom:audio-decoder-ogg-vorbis: bf7c407c2cedff20999df2af8eb42d56 -> 
  custom:audio-encoder-webm-vorbis: bf7c407c2cedff20999df2af8eb42d56 -> 
========================================================================
Received Import Request.
  Time since last request: 363681.996909 seconds.
  path: Assets/Azerilo/Free Rug Pack/Material/Material1.mat
  artifactKey: Guid(9b1985632de14cc408bc4491d118dd76) Importer(815301076,1909f56bfc062723c751e8b465ee728b)
Start importing Assets/Azerilo/Free Rug Pack/Material/Material1.mat using Guid(9b1985632de14cc408bc4491d118dd76) Importer(815301076,1909f56bfc062723c751e8b465ee728b)  -> (artifact id: 'e202e200955ee335e4176b361891cbd7') in 0.102379 seconds
Number of updated asset objects reloaded before import = 0
Number of asset objects unloaded after import = 2
========================================================================
Received Import Request.
  Time since last request: 26.154282 seconds.
  path: Assets/JJ_InteriorDoorPack_V1/Materials/mat_door1.mat
  artifactKey: Guid(ed7456f7ea3eb8c44823541593c9eb3e) Importer(815301076,1909f56bfc062723c751e8b465ee728b)
Start importing Assets/JJ_InteriorDoorPack_V1/Materials/mat_door1.mat using Guid(ed7456f7ea3eb8c44823541593c9eb3e) Importer(815301076,1909f56bfc062723c751e8b465ee728b)  -> (artifact id: '72c6d87368b2cf3c684f6dcd7d48609c') in 0.081111 seconds
Number of updated asset objects reloaded before import = 0
Number of asset objects unloaded after import = 4
========================================================================
Received Import Request.
  Time since last request: 0.000029 seconds.
  path: Assets/JJ_InteriorDoorPack_V1/Materials/mat_door3_white_weathered.mat
  artifactKey: Guid(f180676a82323ba408783288a21243ad) Importer(815301076,1909f56bfc062723c751e8b465ee728b)
Start importing Assets/JJ_InteriorDoorPack_V1/Materials/mat_door3_white_weathered.mat using Guid(f180676a82323ba408783288a21243ad) Importer(815301076,1909f56bfc062723c751e8b465ee728b)  -> (artifact id: '8ee9a988389bbbf7c4f653bdd8ad5314') in 0.019650 seconds
Number of updated asset objects reloaded before import = 0
Number of asset objects unloaded after import = 4
========================================================================
Received Import Request.
  Time since last request: 0.000039 seconds.
  path: Assets/JJ_InteriorDoorPack_V1/Materials/mat_door4_dark.mat
  artifactKey: Guid(e3f4538c1cfbef447951dc692e8c7ba7) Importer(815301076,1909f56bfc062723c751e8b465ee728b)
Start importing Assets/JJ_InteriorDoorPack_V1/Materials/mat_door4_dark.mat using Guid(e3f4538c1cfbef447951dc692e8c7ba7) Importer(815301076,1909f56bfc062723c751e8b465ee728b)  -> (artifact id: 'e2c30f1d6024f28b089078671d8f6427') in 0.026603 seconds
Number of updated asset objects reloaded before import = 0
Number of asset objects unloaded after import = 4
========================================================================
Received Import Request.
  Time since last request: 220.181871 seconds.
  path: Assets/Toon Furniture/Prefabs/Couch_2.prefab
  artifactKey: Guid(eb6a9e1981932144d8dfe0055c6c90f1) Importer(815301076,1909f56bfc062723c751e8b465ee728b)
Start importing Assets/Toon Furniture/Prefabs/Couch_2.prefab using Guid(eb6a9e1981932144d8dfe0055c6c90f1) Importer(815301076,1909f56bfc062723c751e8b465ee728b)  -> (artifact id: '864a5a8a350900d29c2dc6c86891a253') in 0.031322 seconds
Number of updated asset objects reloaded before import = 0
Number of asset objects unloaded after import = 19
========================================================================
Received Import Request.
  Time since last request: 14.227316 seconds.
  path: Assets/Free Furniture Set/Prefabs/AngledSofaLeatherBlackSmall_2S.prefab
  artifactKey: Guid(52021f593dfe3ff489f4ac47f5b827c0) Importer(815301076,1909f56bfc062723c751e8b465ee728b)
Start importing Assets/Free Furniture Set/Prefabs/AngledSofaLeatherBlackSmall_2S.prefab using Guid(52021f593dfe3ff489f4ac47f5b827c0) Importer(815301076,1909f56bfc062723c751e8b465ee728b)  -> (artifact id: 'b34f4bc0fecfd3d7bf882e0d6b339289') in 0.026099 seconds
Number of updated asset objects reloaded before import = 0
Number of asset objects unloaded after import = 33
========================================================================
Received Import Request.
  Time since last request: 0.000017 seconds.
  path: Assets/Free Furniture Set/Prefabs/BrownSmallPot.prefab
  artifactKey: Guid(abc00000000001098851031487966933) Importer(815301076,1909f56bfc062723c751e8b465ee728b)
Start importing Assets/Free Furniture Set/Prefabs/BrownSmallPot.prefab using Guid(abc00000000001098851031487966933) Importer(815301076,1909f56bfc062723c751e8b465ee728b)  -> (artifact id: 'c6f26d45f99d71c3e8d407d983e70063') in 0.269097 seconds
Number of updated asset objects reloaded before import = 0
Number of asset objects unloaded after import = 29
========================================================================
Received Import Request.
  Time since last request: 0.000029 seconds.
  path: Assets/Free Furniture Set/Prefabs/SofaLeatherBlackSmall3_2S.prefab
  artifactKey: Guid(be94314c2b19dbe4ebd74d0edac524e3) Importer(815301076,1909f56bfc062723c751e8b465ee728b)
Start importing Assets/Free Furniture Set/Prefabs/SofaLeatherBlackSmall3_2S.prefab using Guid(be94314c2b19dbe4ebd74d0edac524e3) Importer(815301076,1909f56bfc062723c751e8b465ee728b)  -> (artifact id: '1208409de0b8d33990f964053211ce9d') in 0.026277 seconds
Number of updated asset objects reloaded before import = 0
Number of asset objects unloaded after import = 33
========================================================================
Received Import Request.
  Time since last request: 0.000021 seconds.
  path: Assets/Free Furniture Set/Prefabs/CoffeeTableWoodBrown.prefab
  artifactKey: Guid(3acea8b8ad745384fa9a7feabe641426) Importer(815301076,1909f56bfc062723c751e8b465ee728b)
Start importing Assets/Free Furniture Set/Prefabs/CoffeeTableWoodBrown.prefab using Guid(3acea8b8ad745384fa9a7feabe641426) Importer(815301076,1909f56bfc062723c751e8b465ee728b)  -> (artifact id: '5f9fd079f78d4f210d610cbf067f50d1') in 0.023785 seconds
Number of updated asset objects reloaded before import = 0
Number of asset objects unloaded after import = 12
========================================================================
Received Import Request.
  Time since last request: 0.000024 seconds.
  path: Assets/Free Furniture Set/Prefabs/Shelf13.prefab
  artifactKey: Guid(3e025c70a23cabe438e620cd0e271497) Importer(815301076,1909f56bfc062723c751e8b465ee728b)
Start importing Assets/Free Furniture Set/Prefabs/Shelf13.prefab using Guid(3e025c70a23cabe438e620cd0e271497) Importer(815301076,1909f56bfc062723c751e8b465ee728b)  -> (artifact id: 'dda8092ba0fce376f600736494101684') in 0.025524 seconds
Number of updated asset objects reloaded before import = 0
Number of asset objects unloaded after import = 33
========================================================================
Received Import Request.
  Time since last request: 0.000021 seconds.
  path: Assets/Free Furniture Set/Prefabs/StandingLampS.prefab
  artifactKey: Guid(abc00000000014212656864115977474) Importer(815301076,1909f56bfc062723c751e8b465ee728b)
Start importing Assets/Free Furniture Set/Prefabs/StandingLampS.prefab using Guid(abc00000000014212656864115977474) Importer(815301076,1909f56bfc062723c751e8b465ee728b)  -> (artifact id: '1ccdf028f78b57d1690c75c156919464') in 0.115552 seconds
Number of updated asset objects reloaded before import = 0
Number of asset objects unloaded after import = 30
========================================================================
Received Import Request.
  Time since last request: 0.000040 seconds.
  path: Assets/Free Furniture Set/Prefabs/FotelLeatherBlackSmall_2S.prefab
  artifactKey: Guid(809563dc332f70e49b13dbbb71afec61) Importer(815301076,1909f56bfc062723c751e8b465ee728b)
Start importing Assets/Free Furniture Set/Prefabs/FotelLeatherBlackSmall_2S.prefab using Guid(809563dc332f70e49b13dbbb71afec61) Importer(815301076,1909f56bfc062723c751e8b465ee728b)  -> (artifact id: 'c8e566f3b6ce0302b7bab6396a8ccba9') in 0.025406 seconds
Number of updated asset objects reloaded before import = 0
Number of asset objects unloaded after import = 33
========================================================================
Received Import Request.
  Time since last request: 0.000028 seconds.
  path: Assets/Free Furniture Set/Prefabs/BlackPot.prefab
  artifactKey: Guid(abc00000000014536016889047066663) Importer(815301076,1909f56bfc062723c751e8b465ee728b)
Start importing Assets/Free Furniture Set/Prefabs/BlackPot.prefab using Guid(abc00000000014536016889047066663) Importer(815301076,1909f56bfc062723c751e8b465ee728b)  -> (artifact id: 'db1af47166da3311494578191b02084f') in 0.024551 seconds
Number of updated asset objects reloaded before import = 0
Number of asset objects unloaded after import = 19
========================================================================
Received Import Request.
  Time since last request: 0.000041 seconds.
  path: Assets/Free Furniture Set/Prefabs/SmallDracaena.prefab
  artifactKey: Guid(abc00000000006440995438118414693) Importer(815301076,1909f56bfc062723c751e8b465ee728b)
Start importing Assets/Free Furniture Set/Prefabs/SmallDracaena.prefab using Guid(abc00000000006440995438118414693) Importer(815301076,1909f56bfc062723c751e8b465ee728b)  -> (artifact id: 'e21170181d22bfc912694189cdef1e3e') in 1.552860 seconds
Number of updated asset objects reloaded before import = 0
Number of asset objects unloaded after import = 29
========================================================================
Received Import Request.
  Time since last request: 187.600876 seconds.
  path: Assets/Classic Picture Frame/art.mat
  artifactKey: Guid(479e5ad90db0dcf45b06b665200721bf) Importer(815301076,1909f56bfc062723c751e8b465ee728b)
Start importing Assets/Classic Picture Frame/art.mat using Guid(479e5ad90db0dcf45b06b665200721bf) Importer(815301076,1909f56bfc062723c751e8b465ee728b)  -> (artifact id: '220c33c56cb8f0fd8c537fd057200414') in 0.221610 seconds
Number of updated asset objects reloaded before import = 0
Number of asset objects unloaded after import = 5
========================================================================
Received Import Request.
  Time since last request: 0.000021 seconds.
  path: Assets/Classic Picture Frame/picture.mat
  artifactKey: Guid(a3a0af71dcd0e7f4e9a462398ffce63e) Importer(815301076,1909f56bfc062723c751e8b465ee728b)
Start importing Assets/Classic Picture Frame/picture.mat using Guid(a3a0af71dcd0e7f4e9a462398ffce63e) Importer(815301076,1909f56bfc062723c751e8b465ee728b)  -> (artifact id: '443dc074bc4cb6b274bf542dd5440ce4') in 0.187549 seconds
Number of updated asset objects reloaded before import = 0
Number of asset objects unloaded after import = 3
========================================================================
Received Import Request.
  Time since last request: 65.774863 seconds.
  path: Assets/Classic Picture Frame/Textures
  artifactKey: Guid(db40154f926cd2948b8b642e6e61386b) Importer(815301076,1909f56bfc062723c751e8b465ee728b)
Start importing Assets/Classic Picture Frame/Textures using Guid(db40154f926cd2948b8b642e6e61386b) Importer(815301076,1909f56bfc062723c751e8b465ee728b)  -> (artifact id: '70a96416de3fea32f1bb6123a5d2c8b5') in 0.000552 seconds
Number of updated asset objects reloaded before import = 0
Number of asset objects unloaded after import = 0
========================================================================
Received Import Request.
  Time since last request: 0.102974 seconds.
  path: Assets/Classic Picture Frame/Textures/art_d.jpg
  artifactKey: Guid(790a05c8333895441bf1510332046d25) Importer(815301076,1909f56bfc062723c751e8b465ee728b)
Start importing Assets/Classic Picture Frame/Textures/art_d.jpg using Guid(790a05c8333895441bf1510332046d25) Importer(815301076,1909f56bfc062723c751e8b465ee728b)  -> (artifact id: '2eff4369e3386263b5225361b95d79fd') in 0.037905 seconds
Number of updated asset objects reloaded before import = 0
Number of asset objects unloaded after import = 2
========================================================================
Received Import Request.
  Time since last request: 0.000018 seconds.
  path: Assets/Classic Picture Frame/Textures/picture_d.png
  artifactKey: Guid(3d2c2b1faae229844b26a838e87fe031) Importer(815301076,1909f56bfc062723c751e8b465ee728b)
Start importing Assets/Classic Picture Frame/Textures/picture_d.png using Guid(3d2c2b1faae229844b26a838e87fe031) Importer(815301076,1909f56bfc062723c751e8b465ee728b)  -> (artifact id: 'e954355475f4dea7f0a67d87db986f1f') in 0.021535 seconds
Number of updated asset objects reloaded before import = 0
Number of asset objects unloaded after import = 2
========================================================================
Received Import Request.
  Time since last request: 0.000170 seconds.
  path: Assets/Classic Picture Frame/Textures/picture_s.tga
  artifactKey: Guid(312df5080dfc6c243abaa51756b105fb) Importer(815301076,1909f56bfc062723c751e8b465ee728b)
Start importing Assets/Classic Picture Frame/Textures/picture_s.tga using Guid(312df5080dfc6c243abaa51756b105fb) Importer(815301076,1909f56bfc062723c751e8b465ee728b)  -> (artifact id: 'bcd26bc3aa243f18bb8d6b64693e1332') in 0.019778 seconds
Number of updated asset objects reloaded before import = 0
Number of asset objects unloaded after import = 2
Editor requested this worker to shutdown with reason: Scaling down because of idle timeout
TcpMessagingSession - receive error: operation aborted. errorcode: 995, details: The I/O operation has been aborted because of either a thread exit or an application request.
AssetImportWorker is now disconnected from the server
Process exiting
Exiting without the bug reporter. Application will terminate with return code 0