Using pre-set license
Built from '2022.3/staging' branch; Version is '2022.3.10f1 (ff3792e53c62) revision 16725906'; Using compiler version '192829333'; Build Type 'Release'
OS: 'Windows 11  (10.0.22621) 64bit Professional' Language: 'en' Physical Memory: 16125 MB
BatchMode: 1, IsHumanControllingUs: 0, StartBugReporterOnCrash: 0, Is64bit: 1, IsPro: 1

COMMAND LINE ARGUMENTS:
C:\Program Files\Unity\Hub\Editor\2022.3.10f1\Editor\Unity.exe
-adb2
-batchMode
-noUpm
-name
AssetImportWorker2
-projectPath
C:/Users/sange/OneDrive/Documents/GitHub/TherapyRoom/TherapyRoomScene
-logFile
Logs/AssetImportWorker2.log
-srvPort
55969
Successfully changed project path to: C:/Users/sange/OneDrive/Documents/GitHub/TherapyRoom/TherapyRoomScene
C:/Users/sange/OneDrive/Documents/GitHub/TherapyRoom/TherapyRoomScene
[UnityMemory] Configuration Parameters - Can be set up in boot.config
    "memorysetup-bucket-allocator-granularity=16"
    "memorysetup-bucket-allocator-bucket-count=8"
    "memorysetup-bucket-allocator-block-size=33554432"
    "memorysetup-bucket-allocator-block-count=8"
    "memorysetup-main-allocator-block-size=16777216"
    "memorysetup-thread-allocator-block-size=16777216"
    "memorysetup-gfx-main-allocator-block-size=16777216"
    "memorysetup-gfx-thread-allocator-block-size=16777216"
    "memorysetup-cache-allocator-block-size=4194304"
    "memorysetup-typetree-allocator-block-size=2097152"
    "memorysetup-profiler-bucket-allocator-granularity=16"
    "memorysetup-profiler-bucket-allocator-bucket-count=8"
    "memorysetup-profiler-bucket-allocator-block-size=33554432"
    "memorysetup-profiler-bucket-allocator-block-count=8"
    "memorysetup-profiler-allocator-block-size=16777216"
    "memorysetup-profiler-editor-allocator-block-size=1048576"
    "memorysetup-temp-allocator-size-main=16777216"
    "memorysetup-job-temp-allocator-block-size=2097152"
    "memorysetup-job-temp-allocator-block-size-background=1048576"
    "memorysetup-job-temp-allocator-reduction-small-platforms=262144"
    "memorysetup-allocator-temp-initial-block-size-main=262144"
    "memorysetup-allocator-temp-initial-block-size-worker=262144"
    "memorysetup-temp-allocator-size-background-worker=32768"
    "memorysetup-temp-allocator-size-job-worker=262144"
    "memorysetup-temp-allocator-size-preload-manager=33554432"
    "memorysetup-temp-allocator-size-nav-mesh-worker=65536"
    "memorysetup-temp-allocator-size-audio-worker=65536"
    "memorysetup-temp-allocator-size-cloud-worker=32768"
    "memorysetup-temp-allocator-size-gi-baking-worker=262144"
    "memorysetup-temp-allocator-size-gfx=262144"
Player connection [27672] Host "[IP] 10.217.184.7 [Port] 0 [Flags] 2 [Guid] 3393159903 [EditorId] 3393159903 [Version] 1048832 [Id] WindowsEditor(7,DarrenR21) [Debug] 1 [PackageName] WindowsEditor [ProjectName] Editor" joined multi-casting on [225.0.0.222:54997]...

Player connection [27672] Host "[IP] 10.217.184.7 [Port] 0 [Flags] 2 [Guid] 3393159903 [EditorId] 3393159903 [Version] 1048832 [Id] WindowsEditor(7,DarrenR21) [Debug] 1 [PackageName] WindowsEditor [ProjectName] Editor" joined alternative multi-casting on [225.0.0.222:34997]...

[Physics::Module] Initialized MultithreadedJobDispatcher with 15 workers.
Refreshing native plugins compatible for Editor in 11.73 ms, found 3 plugins.
Preloading 0 native plugins for Editor in 0.00 ms.
Initialize engine version: 2022.3.10f1 (ff3792e53c62)
[Subsystems] Discovering subsystems at path C:/Program Files/Unity/Hub/Editor/2022.3.10f1/Editor/Data/Resources/UnitySubsystems
[Subsystems] Discovering subsystems at path C:/Users/sange/OneDrive/Documents/GitHub/TherapyRoom/TherapyRoomScene/Assets
GfxDevice: creating device client; threaded=0; jobified=0
Direct3D:
    Version:  Direct3D 11.0 [level 11.1]
    Renderer: NVIDIA GeForce RTX 3060 Laptop GPU (ID=0x2520)
    Vendor:   NVIDIA
    VRAM:     6010 MB
    Driver:   31.0.15.4601
Initialize mono
Mono path[0] = 'C:/Program Files/Unity/Hub/Editor/2022.3.10f1/Editor/Data/Managed'
Mono path[1] = 'C:/Program Files/Unity/Hub/Editor/2022.3.10f1/Editor/Data/MonoBleedingEdge/lib/mono/unityjit-win32'
Mono config path = 'C:/Program Files/Unity/Hub/Editor/2022.3.10f1/Editor/Data/MonoBleedingEdge/etc'
Using monoOptions --debugger-agent=transport=dt_socket,embedding=1,server=y,suspend=n,address=127.0.0.1:56132
Begin MonoManager ReloadAssembly
Registering precompiled unity dll's ...
Register platform support module: C:/Program Files/Unity/Hub/Editor/2022.3.10f1/Editor/Data/PlaybackEngines/WindowsStandaloneSupport/UnityEditor.WindowsStandalone.Extensions.dll
Registered in 0.006218 seconds.
- Loaded All Assemblies, in  0.357 seconds
Native extension for WindowsStandalone target not found
Mono: successfully reloaded assembly
- Finished resetting the current domain, in  0.201 seconds
Domain Reload Profiling: 556ms
	BeginReloadAssembly (148ms)
		ExecutionOrderSort (0ms)
		DisableScriptedObjects (0ms)
		BackupInstance (0ms)
		ReleaseScriptingObjects (0ms)
		CreateAndSetChildDomain (1ms)
	RebuildCommonClasses (29ms)
	RebuildNativeTypeToScriptingClass (9ms)
	initialDomainReloadingComplete (47ms)
	LoadAllAssembliesAndSetupDomain (122ms)
		LoadAssemblies (145ms)
		RebuildTransferFunctionScriptingTraits (0ms)
		AnalyzeDomain (120ms)
			TypeCache.Refresh (119ms)
				TypeCache.ScanAssembly (106ms)
			ScanForSourceGeneratedMonoScriptInfo (0ms)
			ResolveRequiredComponents (0ms)
	FinalizeReload (201ms)
		ReleaseScriptCaches (0ms)
		RebuildScriptCaches (0ms)
		SetupLoadedEditorAssemblies (152ms)
			LogAssemblyErrors (0ms)
			InitializePlatformSupportModulesInManaged (8ms)
			SetLoadedEditorAssemblies (6ms)
			RefreshPlugins (0ms)
			BeforeProcessingInitializeOnLoad (2ms)
			ProcessInitializeOnLoadAttributes (98ms)
			ProcessInitializeOnLoadMethodAttributes (38ms)
			AfterProcessingInitializeOnLoad (0ms)
			EditorAssembliesLoaded (0ms)
		ExecutionOrderSort2 (0ms)
		AwakeInstancesAfterBackupRestoration (0ms)
========================================================================
Worker process is ready to serve import requests
Begin MonoManager ReloadAssembly
- Loaded All Assemblies, in  0.531 seconds
Refreshing native plugins compatible for Editor in 2.44 ms, found 3 plugins.
Native extension for WindowsStandalone target not found
Package Manager log level set to [2]
[Package Manager] Server::EnsureServerProcessIsRunning -- launch failed, reason: Unity was launched with the -noUpm command-line argument
[Package Manager] UpmClient::Send -- Unable to send message (not connected to UPM process).
[Package Manager] Cannot connect to Unity Package Manager local server
Mono: successfully reloaded assembly
- Finished resetting the current domain, in  0.496 seconds
Domain Reload Profiling: 1023ms
	BeginReloadAssembly (132ms)
		ExecutionOrderSort (0ms)
		DisableScriptedObjects (6ms)
		BackupInstance (0ms)
		ReleaseScriptingObjects (0ms)
		CreateAndSetChildDomain (20ms)
	RebuildCommonClasses (33ms)
	RebuildNativeTypeToScriptingClass (10ms)
	initialDomainReloadingComplete (40ms)
	LoadAllAssembliesAndSetupDomain (312ms)
		LoadAssemblies (252ms)
		RebuildTransferFunctionScriptingTraits (0ms)
		AnalyzeDomain (133ms)
			TypeCache.Refresh (118ms)
				TypeCache.ScanAssembly (105ms)
			ScanForSourceGeneratedMonoScriptInfo (11ms)
			ResolveRequiredComponents (3ms)
	FinalizeReload (496ms)
		ReleaseScriptCaches (0ms)
		RebuildScriptCaches (0ms)
		SetupLoadedEditorAssemblies (364ms)
			LogAssemblyErrors (0ms)
			InitializePlatformSupportModulesInManaged (7ms)
			SetLoadedEditorAssemblies (6ms)
			RefreshPlugins (0ms)
			BeforeProcessingInitializeOnLoad (69ms)
			ProcessInitializeOnLoadAttributes (258ms)
			ProcessInitializeOnLoadMethodAttributes (16ms)
			AfterProcessingInitializeOnLoad (8ms)
			EditorAssembliesLoaded (0ms)
		ExecutionOrderSort2 (0ms)
		AwakeInstancesAfterBackupRestoration (8ms)
Launched and connected shader compiler UnityShaderCompiler.exe after 0.05 seconds
Refreshing native plugins compatible for Editor in 3.04 ms, found 3 plugins.
Preloading 0 native plugins for Editor in 0.00 ms.
Unloading 3069 Unused Serialized files (Serialized files now loaded: 0)
Unloading 31 unused Assets / (56.3 KB). Loaded Objects now: 3531.
Memory consumption went from 114.5 MB to 114.5 MB.
Total: 3.069800 ms (FindLiveObjects: 0.254000 ms CreateObjectMapping: 0.137900 ms MarkObjects: 2.570900 ms  DeleteObjects: 0.106000 ms)

AssetImportParameters requested are different than current active one (requested -> active):
  custom:container-demuxer-ogg: 62fdf1f143b41e24485cea50d1cbac27 -> 
  custom:video-codec-MediaFoundation-h265: 746d11721c4dcdbdad8f713fa42b33f4 -> 
  custom:video-decoder-ogg-theora: a1e56fd34408186e4bbccfd4996cb3dc -> 
  custom:framework-win-MediaFoundation: 216162199b28c13a410421893ffa2e32 -> 
  custom:CustomObjectIndexerAttribute: 756ad292c208cfabdd7b50bc23989ffe -> 
  custom:container-demuxer-webm: 4f35f7cbe854078d1ac9338744f61a02 -> 
  custom:container-muxer-webm: aa71ff27fc2769a1b78a27578f13a17b -> 
  custom:video-decoder-webm-vp8: 9c59270c3fd7afecdb556c50c9e8de78 -> 
  custom:SearchIndexIgnoredProperties: e643bd26f0fe6173181afceb89e7c659 -> 
  custom:AudioImporter_EditorPlatform: d09bf68614088b80899f8185d706f6e7 -> 
  custom:video-encoder-webm-vp8: eb34c28f22e8b96e1ab97ce403110664 -> 
  custom:audio-decoder-ogg-vorbis: bf7c407c2cedff20999df2af8eb42d56 -> 
  custom:audio-encoder-webm-vorbis: bf7c407c2cedff20999df2af8eb42d56 -> 
========================================================================
Received Import Request.
  Time since last request: 362458.094906 seconds.
  path: Assets/Floor Color.mat
  artifactKey: Guid(5f127225c2948594fa35912def2cb4c4) Importer(815301076,1909f56bfc062723c751e8b465ee728b)
Start importing Assets/Floor Color.mat using Guid(5f127225c2948594fa35912def2cb4c4) Importer(815301076,1909f56bfc062723c751e8b465ee728b)  -> (artifact id: 'b22506837e3f650a962ad1d655402cb2') in 0.125276 seconds
Number of updated asset objects reloaded before import = 0
Number of asset objects unloaded after import = 1
========================================================================
Received Import Request.
  Time since last request: 9.653959 seconds.
  path: Assets/Stylized Wood Textures/Materials
  artifactKey: Guid(c2d16f73abf114443b1d40e128bc7e22) Importer(815301076,1909f56bfc062723c751e8b465ee728b)
Start importing Assets/Stylized Wood Textures/Materials using Guid(c2d16f73abf114443b1d40e128bc7e22) Importer(815301076,1909f56bfc062723c751e8b465ee728b)  -> (artifact id: 'd4337177e2815c097b5caba24819cd0f') in 0.000640 seconds
Number of updated asset objects reloaded before import = 0
Number of asset objects unloaded after import = 0
========================================================================
Received Import Request.
  Time since last request: 1.934943 seconds.
  path: Assets/Stylized Wood Textures/Materials/Chevron
  artifactKey: Guid(7cda40ec6fe89b14395dcc18e05c4075) Importer(815301076,1909f56bfc062723c751e8b465ee728b)
Start importing Assets/Stylized Wood Textures/Materials/Chevron using Guid(7cda40ec6fe89b14395dcc18e05c4075) Importer(815301076,1909f56bfc062723c751e8b465ee728b)  -> (artifact id: '7943ebaf3ee7a1454e9166331a7ac213') in 0.000440 seconds
Number of updated asset objects reloaded before import = 0
Number of asset objects unloaded after import = 0
========================================================================
Received Import Request.
  Time since last request: 0.088250 seconds.
  path: Assets/Stylized Wood Textures/Materials/Chevron/Chevron.mat
  artifactKey: Guid(0141bc0de40b03c47a7d54dba3567d7e) Importer(815301076,1909f56bfc062723c751e8b465ee728b)
Start importing Assets/Stylized Wood Textures/Materials/Chevron/Chevron.mat using Guid(0141bc0de40b03c47a7d54dba3567d7e) Importer(815301076,1909f56bfc062723c751e8b465ee728b)  -> (artifact id: '97c67010cb6ba6210a29ec93b5fa74bb') in 0.215714 seconds
Number of updated asset objects reloaded before import = 0
Number of asset objects unloaded after import = 6
========================================================================
Received Import Request.
  Time since last request: 27.852526 seconds.
  path: Assets/Stylized Wood Textures/Materials/Panels
  artifactKey: Guid(67a6107b76225b64a80d6082b33ac95e) Importer(815301076,1909f56bfc062723c751e8b465ee728b)
Start importing Assets/Stylized Wood Textures/Materials/Panels using Guid(67a6107b76225b64a80d6082b33ac95e) Importer(815301076,1909f56bfc062723c751e8b465ee728b)  -> (artifact id: '5c30c8e5ad7de4feae320a9de8d683a6') in 0.000766 seconds
Number of updated asset objects reloaded before import = 0
Number of asset objects unloaded after import = 0
========================================================================
Received Import Request.
  Time since last request: 0.123860 seconds.
  path: Assets/Stylized Wood Textures/Materials/Panels/Panels.mat
  artifactKey: Guid(a29dc5e705e2f4a429ca2000cb221c43) Importer(815301076,1909f56bfc062723c751e8b465ee728b)
Start importing Assets/Stylized Wood Textures/Materials/Panels/Panels.mat using Guid(a29dc5e705e2f4a429ca2000cb221c43) Importer(815301076,1909f56bfc062723c751e8b465ee728b)  -> (artifact id: '2c9b6954826c8c75f9a8b7d0a2fcbeb8') in 0.018614 seconds
Number of updated asset objects reloaded before import = 0
Number of asset objects unloaded after import = 6
========================================================================
Received Import Request.
  Time since last request: 4.113490 seconds.
  path: Assets/Stylized Wood Textures/Materials/Square
  artifactKey: Guid(a75ad70d2f7855645b65b1c546b539fe) Importer(815301076,1909f56bfc062723c751e8b465ee728b)
Start importing Assets/Stylized Wood Textures/Materials/Square using Guid(a75ad70d2f7855645b65b1c546b539fe) Importer(815301076,1909f56bfc062723c751e8b465ee728b)  -> (artifact id: 'c63331dfa6874bd843de127605a7c246') in 0.000517 seconds
Number of updated asset objects reloaded before import = 0
Number of asset objects unloaded after import = 0
========================================================================
Received Import Request.
  Time since last request: 0.229812 seconds.
  path: Assets/Stylized Wood Textures/Materials/Square/Square.mat
  artifactKey: Guid(4ddb30289dc6d6a47a05448ca7275e5c) Importer(815301076,1909f56bfc062723c751e8b465ee728b)
Start importing Assets/Stylized Wood Textures/Materials/Square/Square.mat using Guid(4ddb30289dc6d6a47a05448ca7275e5c) Importer(815301076,1909f56bfc062723c751e8b465ee728b)  -> (artifact id: '0c5d3a87c8c3bbc5474ce47f551b58a7') in 0.024899 seconds
Number of updated asset objects reloaded before import = 0
Number of asset objects unloaded after import = 6
========================================================================
Received Import Request.
  Time since last request: 24.557087 seconds.
  path: Assets/Stylized Wood Textures/Materials/Planks
  artifactKey: Guid(743609d7bf717f945b97686cdda0774a) Importer(815301076,1909f56bfc062723c751e8b465ee728b)
Start importing Assets/Stylized Wood Textures/Materials/Planks using Guid(743609d7bf717f945b97686cdda0774a) Importer(815301076,1909f56bfc062723c751e8b465ee728b)  -> (artifact id: 'b2cffdc514816e859d9f2f1a0165680d') in 0.000611 seconds
Number of updated asset objects reloaded before import = 0
Number of asset objects unloaded after import = 0
========================================================================
Received Import Request.
  Time since last request: 0.075301 seconds.
  path: Assets/Stylized Wood Textures/Materials/Planks/Planks.mat
  artifactKey: Guid(a384b583426023d4da68d3f25e868451) Importer(815301076,1909f56bfc062723c751e8b465ee728b)
Start importing Assets/Stylized Wood Textures/Materials/Planks/Planks.mat using Guid(a384b583426023d4da68d3f25e868451) Importer(815301076,1909f56bfc062723c751e8b465ee728b)  -> (artifact id: '3b77dd98b95025c632609dd533d250e1') in 0.019257 seconds
Number of updated asset objects reloaded before import = 0
Number of asset objects unloaded after import = 6
========================================================================
Received Import Request.
  Time since last request: 20.191204 seconds.
  path: Assets/Stylized Wood Textures/Demo
  artifactKey: Guid(e364459cc44829140a50fa5d3df21724) Importer(815301076,1909f56bfc062723c751e8b465ee728b)
Start importing Assets/Stylized Wood Textures/Demo using Guid(e364459cc44829140a50fa5d3df21724) Importer(815301076,1909f56bfc062723c751e8b465ee728b)  -> (artifact id: 'b3c6ff541cb9a7aea2752f1d4a02e2f4') in 0.000606 seconds
Number of updated asset objects reloaded before import = 0
Number of asset objects unloaded after import = 0
========================================================================
Received Import Request.
  Time since last request: 2.642548 seconds.
  path: Assets/Stylized Wood Textures/Materials/Herringbone
  artifactKey: Guid(0c116c6331b74314ba28eb5e18753938) Importer(815301076,1909f56bfc062723c751e8b465ee728b)
Start importing Assets/Stylized Wood Textures/Materials/Herringbone using Guid(0c116c6331b74314ba28eb5e18753938) Importer(815301076,1909f56bfc062723c751e8b465ee728b)  -> (artifact id: 'fa4582c2d001664410d4f590986da842') in 0.000540 seconds
Number of updated asset objects reloaded before import = 0
Number of asset objects unloaded after import = 0
========================================================================
Received Import Request.
  Time since last request: 0.090357 seconds.
  path: Assets/Stylized Wood Textures/Materials/Herringbone/Herringbone.mat
  artifactKey: Guid(0576b3490a5948442aace3fadba823bb) Importer(815301076,1909f56bfc062723c751e8b465ee728b)
Start importing Assets/Stylized Wood Textures/Materials/Herringbone/Herringbone.mat using Guid(0576b3490a5948442aace3fadba823bb) Importer(815301076,1909f56bfc062723c751e8b465ee728b)  -> (artifact id: '708b7dc6c529cf7dee283249323cb589') in 0.023264 seconds
Number of updated asset objects reloaded before import = 0
Number of asset objects unloaded after import = 6
========================================================================
Received Import Request.
  Time since last request: 40.843882 seconds.
  path: Assets/Toon Furniture/Materials/Ball_1_1.mat
  artifactKey: Guid(bc571f4d55bfe8946a7f706439a53a1f) Importer(815301076,1909f56bfc062723c751e8b465ee728b)
Start importing Assets/Toon Furniture/Materials/Ball_1_1.mat using Guid(bc571f4d55bfe8946a7f706439a53a1f) Importer(815301076,1909f56bfc062723c751e8b465ee728b)  -> (artifact id: '6d2eaa48940049dfda614357cf2a764b') in 0.027462 seconds
Number of updated asset objects reloaded before import = 0
Number of asset objects unloaded after import = 2
========================================================================
Received Import Request.
  Time since last request: 0.000016 seconds.
  path: Assets/Toon Furniture/Materials/Bed_2.mat
  artifactKey: Guid(23661dce65b8f53478b9b15db1ae1d49) Importer(815301076,1909f56bfc062723c751e8b465ee728b)
Start importing Assets/Toon Furniture/Materials/Bed_2.mat using Guid(23661dce65b8f53478b9b15db1ae1d49) Importer(815301076,1909f56bfc062723c751e8b465ee728b)  -> (artifact id: '7d73bdda30e6ee78b273117a6a959bc7') in 0.019935 seconds
Number of updated asset objects reloaded before import = 0
Number of asset objects unloaded after import = 3
========================================================================
Received Import Request.
  Time since last request: 0.000020 seconds.
  path: Assets/Toon Furniture/Materials/Pillow_1.mat
  artifactKey: Guid(63423b7226709b94cb78bc0a51c2fdc5) Importer(815301076,1909f56bfc062723c751e8b465ee728b)
Start importing Assets/Toon Furniture/Materials/Pillow_1.mat using Guid(63423b7226709b94cb78bc0a51c2fdc5) Importer(815301076,1909f56bfc062723c751e8b465ee728b)  -> (artifact id: '13e805a9c94c36f4c7867b793ca75e57') in 0.018154 seconds
Number of updated asset objects reloaded before import = 0
Number of asset objects unloaded after import = 3
========================================================================
Received Import Request.
  Time since last request: 0.000055 seconds.
  path: Assets/Toon Furniture/Materials/Chair_6.mat
  artifactKey: Guid(b0cb6d5647672b541a5f641672a0cc18) Importer(815301076,1909f56bfc062723c751e8b465ee728b)
Start importing Assets/Toon Furniture/Materials/Chair_6.mat using Guid(b0cb6d5647672b541a5f641672a0cc18) Importer(815301076,1909f56bfc062723c751e8b465ee728b)  -> (artifact id: '6b7494269e4aa15263edc6b162069be2') in 0.024037 seconds
Number of updated asset objects reloaded before import = 0
Number of asset objects unloaded after import = 3
========================================================================
Received Import Request.
  Time since last request: 0.000017 seconds.
  path: Assets/Toon Furniture/Materials/BookCase_2.mat
  artifactKey: Guid(d0088e45804523549867166fd4706b95) Importer(815301076,1909f56bfc062723c751e8b465ee728b)
Start importing Assets/Toon Furniture/Materials/BookCase_2.mat using Guid(d0088e45804523549867166fd4706b95) Importer(815301076,1909f56bfc062723c751e8b465ee728b)  -> (artifact id: 'b367e1d513f9e320d03a1858d15e1c72') in 0.017661 seconds
Number of updated asset objects reloaded before import = 0
Number of asset objects unloaded after import = 3
========================================================================
Received Import Request.
  Time since last request: 0.000039 seconds.
  path: Assets/Toon Furniture/Materials/CoffeTable_4.mat
  artifactKey: Guid(3ddc923c1a3527c4f84a7050af679b73) Importer(815301076,1909f56bfc062723c751e8b465ee728b)
Start importing Assets/Toon Furniture/Materials/CoffeTable_4.mat using Guid(3ddc923c1a3527c4f84a7050af679b73) Importer(815301076,1909f56bfc062723c751e8b465ee728b)  -> (artifact id: 'aa236d92afab0e0962e6c96d30ce329d') in 0.035694 seconds
Number of updated asset objects reloaded before import = 0
Number of asset objects unloaded after import = 3
========================================================================
Received Import Request.
  Time since last request: 0.000031 seconds.
  path: Assets/Toon Furniture/Materials/Toilet_1.mat
  artifactKey: Guid(8fb60badbaa4ae649a56f12d58386b1a) Importer(815301076,1909f56bfc062723c751e8b465ee728b)
Start importing Assets/Toon Furniture/Materials/Toilet_1.mat using Guid(8fb60badbaa4ae649a56f12d58386b1a) Importer(815301076,1909f56bfc062723c751e8b465ee728b)  -> (artifact id: '0fded271eb8cb8c91ffc058372f5c3ce') in 0.024560 seconds
Number of updated asset objects reloaded before import = 0
Number of asset objects unloaded after import = 3
========================================================================
Received Import Request.
  Time since last request: 0.000025 seconds.
  path: Assets/Toon Furniture/Materials/Cooker_1.mat
  artifactKey: Guid(278ceeecf207b8e44bf1caa9ab768075) Importer(815301076,1909f56bfc062723c751e8b465ee728b)
Start importing Assets/Toon Furniture/Materials/Cooker_1.mat using Guid(278ceeecf207b8e44bf1caa9ab768075) Importer(815301076,1909f56bfc062723c751e8b465ee728b)  -> (artifact id: 'f8c84a5cd5d7a845e55b31c135a3e0c3') in 0.024335 seconds
Number of updated asset objects reloaded before import = 0
Number of asset objects unloaded after import = 3
========================================================================
Received Import Request.
  Time since last request: 0.000017 seconds.
  path: Assets/Toon Furniture/Materials/Refrigerator_1.mat
  artifactKey: Guid(e3d83589f1e2bac489f8480b61dd2908) Importer(815301076,1909f56bfc062723c751e8b465ee728b)
Start importing Assets/Toon Furniture/Materials/Refrigerator_1.mat using Guid(e3d83589f1e2bac489f8480b61dd2908) Importer(815301076,1909f56bfc062723c751e8b465ee728b)  -> (artifact id: 'fa165eb8b06a1b54252370c2ab3030ed') in 0.028667 seconds
Number of updated asset objects reloaded before import = 0
Number of asset objects unloaded after import = 3
========================================================================
Received Import Request.
  Time since last request: 0.000019 seconds.
  path: Assets/Toon Furniture/Materials/Chair_3.mat
  artifactKey: Guid(9ef20c6d6021deb41a6df69d367d0199) Importer(815301076,1909f56bfc062723c751e8b465ee728b)
Start importing Assets/Toon Furniture/Materials/Chair_3.mat using Guid(9ef20c6d6021deb41a6df69d367d0199) Importer(815301076,1909f56bfc062723c751e8b465ee728b)  -> (artifact id: '8b9ca1feda76bfe34354ff4dba9ef88a') in 0.041482 seconds
Number of updated asset objects reloaded before import = 0
Number of asset objects unloaded after import = 3
========================================================================
Received Import Request.
  Time since last request: 0.000070 seconds.
  path: Assets/Toon Furniture/Materials/CoffeTable_2.mat
  artifactKey: Guid(1b65b2b3727708e4da4d8a95d568cb40) Importer(815301076,1909f56bfc062723c751e8b465ee728b)
Start importing Assets/Toon Furniture/Materials/CoffeTable_2.mat using Guid(1b65b2b3727708e4da4d8a95d568cb40) Importer(815301076,1909f56bfc062723c751e8b465ee728b)  -> (artifact id: '6282d46b54e54e4d468d44a2d882ca3f') in 0.015648 seconds
Number of updated asset objects reloaded before import = 0
Number of asset objects unloaded after import = 3
========================================================================
Received Import Request.
  Time since last request: 0.000016 seconds.
  path: Assets/Toon Furniture/Materials/Refrigerator_2.mat
  artifactKey: Guid(137fab4b64e68e942836a84095cfdb29) Importer(815301076,1909f56bfc062723c751e8b465ee728b)
Start importing Assets/Toon Furniture/Materials/Refrigerator_2.mat using Guid(137fab4b64e68e942836a84095cfdb29) Importer(815301076,1909f56bfc062723c751e8b465ee728b)  -> (artifact id: 'e9c39b1e5b757088ba5849cf20c94d6a') in 0.015442 seconds
Number of updated asset objects reloaded before import = 0
Number of asset objects unloaded after import = 3
========================================================================
Received Import Request.
  Time since last request: 0.000019 seconds.
  path: Assets/Toon Furniture/Materials/Kitchen_Cabinet_1.mat
  artifactKey: Guid(b0a70fd5b6152d34d93eeeb307e133f2) Importer(815301076,1909f56bfc062723c751e8b465ee728b)
Start importing Assets/Toon Furniture/Materials/Kitchen_Cabinet_1.mat using Guid(b0a70fd5b6152d34d93eeeb307e133f2) Importer(815301076,1909f56bfc062723c751e8b465ee728b)  -> (artifact id: '637f0a7ac4481c6358ee0f04d73b9794') in 0.021299 seconds
Number of updated asset objects reloaded before import = 0
Number of asset objects unloaded after import = 3
========================================================================
Received Import Request.
  Time since last request: 0.000023 seconds.
  path: Assets/Toon Furniture/Materials/Chair_8.mat
  artifactKey: Guid(e45f8df08739d7943b5b19c2fd4dfcb1) Importer(815301076,1909f56bfc062723c751e8b465ee728b)
Start importing Assets/Toon Furniture/Materials/Chair_8.mat using Guid(e45f8df08739d7943b5b19c2fd4dfcb1) Importer(815301076,1909f56bfc062723c751e8b465ee728b)  -> (artifact id: '502b00cb1437342d2a05272bf857274f') in 0.015876 seconds
Number of updated asset objects reloaded before import = 0
Number of asset objects unloaded after import = 3
========================================================================
Received Import Request.
  Time since last request: 0.000035 seconds.
  path: Assets/Toon Furniture/Materials/CoffeTable_3.mat
  artifactKey: Guid(bba0acb555465444a943f2e809f686f7) Importer(815301076,1909f56bfc062723c751e8b465ee728b)
Start importing Assets/Toon Furniture/Materials/CoffeTable_3.mat using Guid(bba0acb555465444a943f2e809f686f7) Importer(815301076,1909f56bfc062723c751e8b465ee728b)  -> (artifact id: 'b0a2c310287a97ca66fa4b69685f9e85') in 0.014828 seconds
Number of updated asset objects reloaded before import = 0
Number of asset objects unloaded after import = 3
========================================================================
Received Import Request.
  Time since last request: 0.000030 seconds.
  path: Assets/Toon Furniture/Materials/Couch_3.mat
  artifactKey: Guid(9614076bfdfc43344b1bdce22cec26ec) Importer(815301076,1909f56bfc062723c751e8b465ee728b)
Start importing Assets/Toon Furniture/Materials/Couch_3.mat using Guid(9614076bfdfc43344b1bdce22cec26ec) Importer(815301076,1909f56bfc062723c751e8b465ee728b)  -> (artifact id: 'a189eebf8a7d508f6d52d4138d469acc') in 0.014011 seconds
Number of updated asset objects reloaded before import = 0
Number of asset objects unloaded after import = 3
========================================================================
Received Import Request.
  Time since last request: 0.000021 seconds.
  path: Assets/Toon Furniture/Materials/BookCase_1.mat
  artifactKey: Guid(15faa09740202bf45a908fce8a7be3c8) Importer(815301076,1909f56bfc062723c751e8b465ee728b)
Start importing Assets/Toon Furniture/Materials/BookCase_1.mat using Guid(15faa09740202bf45a908fce8a7be3c8) Importer(815301076,1909f56bfc062723c751e8b465ee728b)  -> (artifact id: '3817aebc84a695e9843341c68898ce33') in 0.016543 seconds
Number of updated asset objects reloaded before import = 0
Number of asset objects unloaded after import = 3
========================================================================
Received Import Request.
  Time since last request: 0.000016 seconds.
  path: Assets/Toon Furniture/Materials/Single_Bed_1.mat
  artifactKey: Guid(1ddcc504364d8f9449fe311e15a736a5) Importer(815301076,1909f56bfc062723c751e8b465ee728b)
Start importing Assets/Toon Furniture/Materials/Single_Bed_1.mat using Guid(1ddcc504364d8f9449fe311e15a736a5) Importer(815301076,1909f56bfc062723c751e8b465ee728b)  -> (artifact id: '87e27629be2aabd3b55316adb8bc1ccf') in 0.014552 seconds
Number of updated asset objects reloaded before import = 0
Number of asset objects unloaded after import = 3
========================================================================
Received Import Request.
  Time since last request: 0.000015 seconds.
  path: Assets/Toon Furniture/Materials/Books_1.mat
  artifactKey: Guid(a792c98929d502543971d5123dd91d12) Importer(815301076,1909f56bfc062723c751e8b465ee728b)
Start importing Assets/Toon Furniture/Materials/Books_1.mat using Guid(a792c98929d502543971d5123dd91d12) Importer(815301076,1909f56bfc062723c751e8b465ee728b)  -> (artifact id: '4d6ef2c030d4763e926eb265deab55ab') in 0.013932 seconds
Number of updated asset objects reloaded before import = 0
Number of asset objects unloaded after import = 2
========================================================================
Received Import Request.
  Time since last request: 0.000024 seconds.
  path: Assets/Toon Furniture/Materials/Chair_5.mat
  artifactKey: Guid(7c6c4fc66a1ed9a4eb7458f3563eda63) Importer(815301076,1909f56bfc062723c751e8b465ee728b)
Start importing Assets/Toon Furniture/Materials/Chair_5.mat using Guid(7c6c4fc66a1ed9a4eb7458f3563eda63) Importer(815301076,1909f56bfc062723c751e8b465ee728b)  -> (artifact id: '90ca0417a1c4fd36f98136c7d426d778') in 0.015935 seconds
Number of updated asset objects reloaded before import = 0
Number of asset objects unloaded after import = 3
========================================================================
Received Import Request.
  Time since last request: 0.000018 seconds.
  path: Assets/Toon Furniture/Materials/Chair_7.mat
  artifactKey: Guid(a083ccdcd9975c548846918390de90ee) Importer(815301076,1909f56bfc062723c751e8b465ee728b)
Start importing Assets/Toon Furniture/Materials/Chair_7.mat using Guid(a083ccdcd9975c548846918390de90ee) Importer(815301076,1909f56bfc062723c751e8b465ee728b)  -> (artifact id: '875b0d0fea7123019e058deea728b34b') in 0.015780 seconds
Number of updated asset objects reloaded before import = 0
Number of asset objects unloaded after import = 3
========================================================================
Received Import Request.
  Time since last request: 0.000017 seconds.
  path: Assets/Toon Furniture/Materials/Sink_1.mat
  artifactKey: Guid(fb95a00c7ea2ea749aab701495f4639a) Importer(815301076,1909f56bfc062723c751e8b465ee728b)
Start importing Assets/Toon Furniture/Materials/Sink_1.mat using Guid(fb95a00c7ea2ea749aab701495f4639a) Importer(815301076,1909f56bfc062723c751e8b465ee728b)  -> (artifact id: 'b83c035d59f643de4fa8ccc8c3875f28') in 0.018089 seconds
Number of updated asset objects reloaded before import = 0
Number of asset objects unloaded after import = 3
========================================================================
Received Import Request.
  Time since last request: 0.000030 seconds.
  path: Assets/Toon Furniture/Materials/Vase_1.mat
  artifactKey: Guid(e555eb3394ab79346a0c17a98c89c9fe) Importer(815301076,1909f56bfc062723c751e8b465ee728b)
Start importing Assets/Toon Furniture/Materials/Vase_1.mat using Guid(e555eb3394ab79346a0c17a98c89c9fe) Importer(815301076,1909f56bfc062723c751e8b465ee728b)  -> (artifact id: 'c0742036ed3e922f0d4c5e6c94b6cfd5') in 0.017575 seconds
Number of updated asset objects reloaded before import = 0
Number of asset objects unloaded after import = 3
========================================================================
Received Import Request.
  Time since last request: 0.000022 seconds.
  path: Assets/Toon Furniture/Materials/House_Plant_1_1.mat
  artifactKey: Guid(dbcf8adae110cf149bc70c9a2fb45683) Importer(815301076,1909f56bfc062723c751e8b465ee728b)
Start importing Assets/Toon Furniture/Materials/House_Plant_1_1.mat using Guid(dbcf8adae110cf149bc70c9a2fb45683) Importer(815301076,1909f56bfc062723c751e8b465ee728b)  -> (artifact id: '8d555c4d421256bcb4435ddcd92fbbc8') in 0.016496 seconds
Number of updated asset objects reloaded before import = 0
Number of asset objects unloaded after import = 2
========================================================================
Received Import Request.
  Time since last request: 0.000040 seconds.
  path: Assets/Toon Furniture/Materials/Vase_2.mat
  artifactKey: Guid(48789c7005e3790408daf876242fb920) Importer(815301076,1909f56bfc062723c751e8b465ee728b)
Start importing Assets/Toon Furniture/Materials/Vase_2.mat using Guid(48789c7005e3790408daf876242fb920) Importer(815301076,1909f56bfc062723c751e8b465ee728b)  -> (artifact id: '27ef08272e784edc48d8434de772a2a2') in 0.017799 seconds
Number of updated asset objects reloaded before import = 0
Number of asset objects unloaded after import = 2
========================================================================
Received Import Request.
  Time since last request: 0.000024 seconds.
  path: Assets/Toon Furniture/Materials/Counter_2.mat
  artifactKey: Guid(0261e0d39029378409cd6ccb24d17a58) Importer(815301076,1909f56bfc062723c751e8b465ee728b)
Start importing Assets/Toon Furniture/Materials/Counter_2.mat using Guid(0261e0d39029378409cd6ccb24d17a58) Importer(815301076,1909f56bfc062723c751e8b465ee728b)  -> (artifact id: 'b4b8ba97222b8337d37bbd0b4f35a941') in 0.015310 seconds
Number of updated asset objects reloaded before import = 0
Number of asset objects unloaded after import = 3
========================================================================
Received Import Request.
  Time since last request: 47.861303 seconds.
  path: Assets/Toon Furniture/Models/BookCase_1.fbx
  artifactKey: Guid(0989d878ef2d74c44b4c7ac19551ff67) Importer(815301076,1909f56bfc062723c751e8b465ee728b)
Start importing Assets/Toon Furniture/Models/BookCase_1.fbx using Guid(0989d878ef2d74c44b4c7ac19551ff67) Importer(815301076,1909f56bfc062723c751e8b465ee728b)  -> (artifact id: 'dcb4420587d8116ad5bba33eb64849c0') in 0.046172 seconds
Number of updated asset objects reloaded before import = 0
Number of asset objects unloaded after import = 14
========================================================================
Received Import Request.
  Time since last request: 0.000020 seconds.
  path: Assets/Toon Furniture/Models/Kitchen_Cabinet_1.fbx
  artifactKey: Guid(4a357a7f02c7c8b468d4d038e61ecd7f) Importer(815301076,1909f56bfc062723c751e8b465ee728b)
Start importing Assets/Toon Furniture/Models/Kitchen_Cabinet_1.fbx using Guid(4a357a7f02c7c8b468d4d038e61ecd7f) Importer(815301076,1909f56bfc062723c751e8b465ee728b)  -> (artifact id: '41347c9db6036eca63ef21cd07fc9749') in 0.062539 seconds
Number of updated asset objects reloaded before import = 0
Number of asset objects unloaded after import = 25
========================================================================
Received Import Request.
  Time since last request: 0.000024 seconds.
  path: Assets/Toon Furniture/Models/Counter_1.fbx
  artifactKey: Guid(aaeedb2a45100ea4091935025fdd110d) Importer(815301076,1909f56bfc062723c751e8b465ee728b)
Start importing Assets/Toon Furniture/Models/Counter_1.fbx using Guid(aaeedb2a45100ea4091935025fdd110d) Importer(815301076,1909f56bfc062723c751e8b465ee728b)  -> (artifact id: 'de3536de65f1f74ca3726326ab02bbb7') in 0.037006 seconds
Number of updated asset objects reloaded before import = 0
Number of asset objects unloaded after import = 14
========================================================================
Received Import Request.
  Time since last request: 0.000031 seconds.
  path: Assets/Toon Furniture/Models/House_Plant_1_1.fbx
  artifactKey: Guid(93b7804c0d2944540afe34ed14ff76d7) Importer(815301076,1909f56bfc062723c751e8b465ee728b)
Start importing Assets/Toon Furniture/Models/House_Plant_1_1.fbx using Guid(93b7804c0d2944540afe34ed14ff76d7) Importer(815301076,1909f56bfc062723c751e8b465ee728b)  -> (artifact id: '67ff81bf5784e5c3d75d33a5f8daa0d7') in 0.114345 seconds
Number of updated asset objects reloaded before import = 0
Number of asset objects unloaded after import = 24
========================================================================
Received Import Request.
  Time since last request: 0.000022 seconds.
  path: Assets/Toon Furniture/Models/Sink.fbx
  artifactKey: Guid(e83052825161ca9489eb21555ff606d9) Importer(815301076,1909f56bfc062723c751e8b465ee728b)
Start importing Assets/Toon Furniture/Models/Sink.fbx using Guid(e83052825161ca9489eb21555ff606d9) Importer(815301076,1909f56bfc062723c751e8b465ee728b)  -> (artifact id: 'd292929d9099f89b48a719b9d27edccf') in 0.030086 seconds
Number of updated asset objects reloaded before import = 0
Number of asset objects unloaded after import = 14
========================================================================
Received Import Request.
  Time since last request: 0.000038 seconds.
  path: Assets/Toon Furniture/Models/Counter_2_1.fbx
  artifactKey: Guid(ae9314f65922b7b42b043064aeaaa155) Importer(815301076,1909f56bfc062723c751e8b465ee728b)
Start importing Assets/Toon Furniture/Models/Counter_2_1.fbx using Guid(ae9314f65922b7b42b043064aeaaa155) Importer(815301076,1909f56bfc062723c751e8b465ee728b)  -> (artifact id: '6739bc13ea19678c855df214756201a8') in 0.055727 seconds
Number of updated asset objects reloaded before import = 0
Number of asset objects unloaded after import = 23
========================================================================
Received Import Request.
  Time since last request: 0.000019 seconds.
  path: Assets/Toon Furniture/Models/Chair_4.fbx
  artifactKey: Guid(f701747214874ac46a0c4ac184b53cb1) Importer(815301076,1909f56bfc062723c751e8b465ee728b)
Start importing Assets/Toon Furniture/Models/Chair_4.fbx using Guid(f701747214874ac46a0c4ac184b53cb1) Importer(815301076,1909f56bfc062723c751e8b465ee728b)  -> (artifact id: 'ade2ed914b7b81a366d0a8f58ca5a3bc') in 0.036185 seconds
Number of updated asset objects reloaded before import = 0
Number of asset objects unloaded after import = 14
========================================================================
Received Import Request.
  Time since last request: 0.000024 seconds.
  path: Assets/Toon Furniture/Models/Vase_1.fbx
  artifactKey: Guid(bd09b17863ebbf74c82083bf72572ff1) Importer(815301076,1909f56bfc062723c751e8b465ee728b)
Start importing Assets/Toon Furniture/Models/Vase_1.fbx using Guid(bd09b17863ebbf74c82083bf72572ff1) Importer(815301076,1909f56bfc062723c751e8b465ee728b)  -> (artifact id: '3bbbeb1447e4a115e829b0b558d34dea') in 0.052788 seconds
Number of updated asset objects reloaded before import = 0
Number of asset objects unloaded after import = 22
========================================================================
Received Import Request.
  Time since last request: 0.000075 seconds.
  path: Assets/Toon Furniture/Models/Coffee_Table_3.fbx
  artifactKey: Guid(45276210d7d92ae439d4f9ba0fd6f6ba) Importer(815301076,1909f56bfc062723c751e8b465ee728b)
Start importing Assets/Toon Furniture/Models/Coffee_Table_3.fbx using Guid(45276210d7d92ae439d4f9ba0fd6f6ba) Importer(815301076,1909f56bfc062723c751e8b465ee728b)  -> (artifact id: 'ba363ee43685e15c071e1e50c945fbf8') in 0.029624 seconds
Number of updated asset objects reloaded before import = 0
Number of asset objects unloaded after import = 18
========================================================================
Received Import Request.
  Time since last request: 0.000024 seconds.
  path: Assets/Toon Furniture/Models/Refrigerator.fbx
  artifactKey: Guid(30ea37132d76e624eacbf2b75cb5f50a) Importer(815301076,1909f56bfc062723c751e8b465ee728b)
Start importing Assets/Toon Furniture/Models/Refrigerator.fbx using Guid(30ea37132d76e624eacbf2b75cb5f50a) Importer(815301076,1909f56bfc062723c751e8b465ee728b)  -> (artifact id: 'c8c87ae287c9c6afddec34e9b8d59da8') in 0.044145 seconds
Number of updated asset objects reloaded before import = 0
Number of asset objects unloaded after import = 14
========================================================================
Received Import Request.
  Time since last request: 0.000028 seconds.
  path: Assets/Toon Furniture/Models/Cooker_1.fbx
  artifactKey: Guid(94cd5fa7d84e65045b1ab6e8fc78c044) Importer(815301076,1909f56bfc062723c751e8b465ee728b)
Start importing Assets/Toon Furniture/Models/Cooker_1.fbx using Guid(94cd5fa7d84e65045b1ab6e8fc78c044) Importer(815301076,1909f56bfc062723c751e8b465ee728b)  -> (artifact id: '0f1e946904995d12170623736da319e6') in 0.028513 seconds
Number of updated asset objects reloaded before import = 0
Number of asset objects unloaded after import = 14
========================================================================
Received Import Request.
  Time since last request: 0.000028 seconds.
  path: Assets/Toon Furniture/Models/Chair_9.fbx
  artifactKey: Guid(7eb169ca98be6744db6423d236b0e90b) Importer(815301076,1909f56bfc062723c751e8b465ee728b)
Start importing Assets/Toon Furniture/Models/Chair_9.fbx using Guid(7eb169ca98be6744db6423d236b0e90b) Importer(815301076,1909f56bfc062723c751e8b465ee728b)  -> (artifact id: '563c4e497f38971f3df77f0e700c0802') in 0.039203 seconds
Number of updated asset objects reloaded before import = 0
Number of asset objects unloaded after import = 14
========================================================================
Received Import Request.
  Time since last request: 0.000019 seconds.
  path: Assets/Toon Furniture/Models/headboard_1.fbx
  artifactKey: Guid(22594f653b29cb2488a78553895e4d36) Importer(815301076,1909f56bfc062723c751e8b465ee728b)
Start importing Assets/Toon Furniture/Models/headboard_1.fbx using Guid(22594f653b29cb2488a78553895e4d36) Importer(815301076,1909f56bfc062723c751e8b465ee728b)  -> (artifact id: 'd617e480a0495db16bef17ebcfdf6c09') in 0.058269 seconds
Number of updated asset objects reloaded before import = 0
Number of asset objects unloaded after import = 17
========================================================================
Received Import Request.
  Time since last request: 9.874497 seconds.
  path: Assets/Toon Furniture/Textures/BookCase_1_1.png
  artifactKey: Guid(922731efb5ca41240adc2348ab4c0aad) Importer(815301076,1909f56bfc062723c751e8b465ee728b)
Start importing Assets/Toon Furniture/Textures/BookCase_1_1.png using Guid(922731efb5ca41240adc2348ab4c0aad) Importer(815301076,1909f56bfc062723c751e8b465ee728b)  -> (artifact id: 'b7875973362c5674f9e9ba271b563d83') in 0.022991 seconds
Number of updated asset objects reloaded before import = 0
Number of asset objects unloaded after import = 2
========================================================================
Received Import Request.
  Time since last request: 0.000014 seconds.
  path: Assets/Toon Furniture/Textures/Chair_8_Normal.png
  artifactKey: Guid(03dea9d8582d9b746986e76be4161669) Importer(815301076,1909f56bfc062723c751e8b465ee728b)
Start importing Assets/Toon Furniture/Textures/Chair_8_Normal.png using Guid(03dea9d8582d9b746986e76be4161669) Importer(815301076,1909f56bfc062723c751e8b465ee728b)  -> (artifact id: 'ea551045134acdb9470925568fd65969') in 0.036623 seconds
Number of updated asset objects reloaded before import = 0
Number of asset objects unloaded after import = 2
========================================================================
Received Import Request.
  Time since last request: 0.000017 seconds.
  path: Assets/Toon Furniture/Textures/Chair_5_3.png
  artifactKey: Guid(f8c122d152819d74187c5c279323e6ad) Importer(815301076,1909f56bfc062723c751e8b465ee728b)
Start importing Assets/Toon Furniture/Textures/Chair_5_3.png using Guid(f8c122d152819d74187c5c279323e6ad) Importer(815301076,1909f56bfc062723c751e8b465ee728b)  -> (artifact id: '6b65567ecaa6044257565b2335463b33') in 0.016612 seconds
Number of updated asset objects reloaded before import = 0
Number of asset objects unloaded after import = 2
========================================================================
Received Import Request.
  Time since last request: 0.000014 seconds.
  path: Assets/Toon Furniture/Textures/Chair_5_Normal.png
  artifactKey: Guid(04c4fd763eb4f73449b0d12bfbc347dd) Importer(815301076,1909f56bfc062723c751e8b465ee728b)
Start importing Assets/Toon Furniture/Textures/Chair_5_Normal.png using Guid(04c4fd763eb4f73449b0d12bfbc347dd) Importer(815301076,1909f56bfc062723c751e8b465ee728b)  -> (artifact id: '98c90579b8bc54dcadb111714a22d357') in 0.016554 seconds
Number of updated asset objects reloaded before import = 0
Number of asset objects unloaded after import = 2
========================================================================
Received Import Request.
  Time since last request: 0.000020 seconds.
  path: Assets/Toon Furniture/Textures/BookCase_1_Normal.png
  artifactKey: Guid(1789fdb125a76f24188069490f9a1011) Importer(815301076,1909f56bfc062723c751e8b465ee728b)
Start importing Assets/Toon Furniture/Textures/BookCase_1_Normal.png using Guid(1789fdb125a76f24188069490f9a1011) Importer(815301076,1909f56bfc062723c751e8b465ee728b)  -> (artifact id: '0450c0400c606c51c4355809aa9f23af') in 0.018433 seconds
Number of updated asset objects reloaded before import = 0
Number of asset objects unloaded after import = 2
========================================================================
Received Import Request.
  Time since last request: 0.000024 seconds.
  path: Assets/Toon Furniture/Textures/Chair_7_1.png
  artifactKey: Guid(4b9dc0ef87a11654c9e2daa1f6a5cdef) Importer(815301076,1909f56bfc062723c751e8b465ee728b)
Start importing Assets/Toon Furniture/Textures/Chair_7_1.png using Guid(4b9dc0ef87a11654c9e2daa1f6a5cdef) Importer(815301076,1909f56bfc062723c751e8b465ee728b)  -> (artifact id: '53b6c0341d0711e17c1d246e139ce72b') in 0.018376 seconds
Number of updated asset objects reloaded before import = 0
Number of asset objects unloaded after import = 2
========================================================================
Received Import Request.
  Time since last request: 0.000021 seconds.
  path: Assets/Toon Furniture/Textures/Books_1.png
  artifactKey: Guid(91768c11d28f9ef46861154a0e7ae4bc) Importer(815301076,1909f56bfc062723c751e8b465ee728b)
Start importing Assets/Toon Furniture/Textures/Books_1.png using Guid(91768c11d28f9ef46861154a0e7ae4bc) Importer(815301076,1909f56bfc062723c751e8b465ee728b)  -> (artifact id: 'a920db60dee20c5e586fc56a14663aa8') in 0.031039 seconds
Number of updated asset objects reloaded before import = 0
Number of asset objects unloaded after import = 2
========================================================================
Received Import Request.
  Time since last request: 0.000021 seconds.
  path: Assets/Toon Furniture/Textures/Chair_9_Normal.png
  artifactKey: Guid(707a910d5a416f64db2e244105ec69e4) Importer(815301076,1909f56bfc062723c751e8b465ee728b)
Start importing Assets/Toon Furniture/Textures/Chair_9_Normal.png using Guid(707a910d5a416f64db2e244105ec69e4) Importer(815301076,1909f56bfc062723c751e8b465ee728b)  -> (artifact id: '83e073e6a063fc548c2ab118e03e078e') in 0.018218 seconds
Number of updated asset objects reloaded before import = 0
Number of asset objects unloaded after import = 2
========================================================================
Received Import Request.
  Time since last request: 0.000023 seconds.
  path: Assets/Toon Furniture/Textures/Chair_6.png
  artifactKey: Guid(0f385af093b4e8e4ba7ccd2f8a95bb1b) Importer(815301076,1909f56bfc062723c751e8b465ee728b)
Start importing Assets/Toon Furniture/Textures/Chair_6.png using Guid(0f385af093b4e8e4ba7ccd2f8a95bb1b) Importer(815301076,1909f56bfc062723c751e8b465ee728b)  -> (artifact id: '39ab6487e4cdf41bb38c5958036cd2d5') in 0.018019 seconds
Number of updated asset objects reloaded before import = 0
Number of asset objects unloaded after import = 2
========================================================================
Received Import Request.
  Time since last request: 0.000044 seconds.
  path: Assets/Toon Furniture/Textures/Coffe_Table_2_Normal.png
  artifactKey: Guid(008c7e13e6e19c048a0046c441f9b4c6) Importer(815301076,1909f56bfc062723c751e8b465ee728b)
Start importing Assets/Toon Furniture/Textures/Coffe_Table_2_Normal.png using Guid(008c7e13e6e19c048a0046c441f9b4c6) Importer(815301076,1909f56bfc062723c751e8b465ee728b)  -> (artifact id: '3131dcd54e122e9db6dd9827476a1d9b') in 0.017973 seconds
Number of updated asset objects reloaded before import = 0
Number of asset objects unloaded after import = 2
========================================================================
Received Import Request.
  Time since last request: 0.000031 seconds.
  path: Assets/Toon Furniture/Textures/Chair_4_Normal.png
  artifactKey: Guid(3b5c3261acb8824448e6e04286ab9d6c) Importer(815301076,1909f56bfc062723c751e8b465ee728b)
Start importing Assets/Toon Furniture/Textures/Chair_4_Normal.png using Guid(3b5c3261acb8824448e6e04286ab9d6c) Importer(815301076,1909f56bfc062723c751e8b465ee728b)  -> (artifact id: '438a85da14ad00760bd7a16c86e48edc') in 0.020877 seconds
Number of updated asset objects reloaded before import = 0
Number of asset objects unloaded after import = 2
========================================================================
Received Import Request.
  Time since last request: 1.350171 seconds.
  path: Assets/Toon Furniture/Textures/Coffe_Table_4_Normal.png
  artifactKey: Guid(44db01ebfaa8e0447acd740b664d40bb) Importer(815301076,1909f56bfc062723c751e8b465ee728b)
Start importing Assets/Toon Furniture/Textures/Coffe_Table_4_Normal.png using Guid(44db01ebfaa8e0447acd740b664d40bb) Importer(815301076,1909f56bfc062723c751e8b465ee728b)  -> (artifact id: '2c74660c5755c32ff588ee26c2d3b6f1') in 0.016925 seconds
Number of updated asset objects reloaded before import = 0
Number of asset objects unloaded after import = 2
========================================================================
Received Import Request.
  Time since last request: 0.000015 seconds.
  path: Assets/Toon Furniture/Textures/Couch_1_Detail.png
  artifactKey: Guid(594f267fad4133048ac38c43d5207d6d) Importer(815301076,1909f56bfc062723c751e8b465ee728b)
Start importing Assets/Toon Furniture/Textures/Couch_1_Detail.png using Guid(594f267fad4133048ac38c43d5207d6d) Importer(815301076,1909f56bfc062723c751e8b465ee728b)  -> (artifact id: 'e0a6e513ba6863317476d8ce2600e60b') in 0.017170 seconds
Number of updated asset objects reloaded before import = 0
Number of asset objects unloaded after import = 2
========================================================================
Received Import Request.
  Time since last request: 0.000014 seconds.
  path: Assets/Toon Furniture/Textures/Couch_2_Normal.png
  artifactKey: Guid(19b84841188af9841b680bc0ae19058a) Importer(815301076,1909f56bfc062723c751e8b465ee728b)
Start importing Assets/Toon Furniture/Textures/Couch_2_Normal.png using Guid(19b84841188af9841b680bc0ae19058a) Importer(815301076,1909f56bfc062723c751e8b465ee728b)  -> (artifact id: '1f84d47ebab2d63d81e1f156c75f6149') in 0.017355 seconds
Number of updated asset objects reloaded before import = 0
Number of asset objects unloaded after import = 2
========================================================================
Received Import Request.
  Time since last request: 0.000015 seconds.
  path: Assets/Toon Furniture/Textures/Couch_3_1.png
  artifactKey: Guid(6fec62ffb3891d245941e97c3bf75487) Importer(815301076,1909f56bfc062723c751e8b465ee728b)
Start importing Assets/Toon Furniture/Textures/Couch_3_1.png using Guid(6fec62ffb3891d245941e97c3bf75487) Importer(815301076,1909f56bfc062723c751e8b465ee728b)  -> (artifact id: '387add45c80846a70df4d8a83399dd81') in 0.017840 seconds
Number of updated asset objects reloaded before import = 0
Number of asset objects unloaded after import = 2
========================================================================
Received Import Request.
  Time since last request: 0.873191 seconds.
  path: Assets/Toon Furniture/Textures/Couch_3_4.png
  artifactKey: Guid(46b97c7827b622148a4039d6bb3dba9a) Importer(815301076,1909f56bfc062723c751e8b465ee728b)
Start importing Assets/Toon Furniture/Textures/Couch_3_4.png using Guid(46b97c7827b622148a4039d6bb3dba9a) Importer(815301076,1909f56bfc062723c751e8b465ee728b)  -> (artifact id: '49b3a3772f80d9a2404c83ed2bf50dc2') in 0.017867 seconds
Number of updated asset objects reloaded before import = 0
Number of asset objects unloaded after import = 2
========================================================================
Received Import Request.
  Time since last request: 0.000036 seconds.
  path: Assets/Toon Furniture/Textures/Counter_2_2.png
  artifactKey: Guid(ff1f1b8423747134a8908de0f0466540) Importer(815301076,1909f56bfc062723c751e8b465ee728b)
Start importing Assets/Toon Furniture/Textures/Counter_2_2.png using Guid(ff1f1b8423747134a8908de0f0466540) Importer(815301076,1909f56bfc062723c751e8b465ee728b)  -> (artifact id: '3b692b3dbcc0c2bb06a607224f39997d') in 0.020035 seconds
Number of updated asset objects reloaded before import = 0
Number of asset objects unloaded after import = 2
========================================================================
Received Import Request.
  Time since last request: 0.000026 seconds.
  path: Assets/Toon Furniture/Textures/Counter_2_1.png
  artifactKey: Guid(8324286f5b19c3040aa731a58a0b3f62) Importer(815301076,1909f56bfc062723c751e8b465ee728b)
Start importing Assets/Toon Furniture/Textures/Counter_2_1.png using Guid(8324286f5b19c3040aa731a58a0b3f62) Importer(815301076,1909f56bfc062723c751e8b465ee728b)  -> (artifact id: 'fe212fcafcbb261862783a5a8ef0276b') in 0.018898 seconds
Number of updated asset objects reloaded before import = 0
Number of asset objects unloaded after import = 2
========================================================================
Received Import Request.
  Time since last request: 0.000016 seconds.
  path: Assets/Toon Furniture/Textures/Counter_4_2.png
  artifactKey: Guid(578d699d6512b524490d80939598b066) Importer(815301076,1909f56bfc062723c751e8b465ee728b)
Start importing Assets/Toon Furniture/Textures/Counter_4_2.png using Guid(578d699d6512b524490d80939598b066) Importer(815301076,1909f56bfc062723c751e8b465ee728b)  -> (artifact id: 'ed2c3366234807f454b61b8474399bd0') in 0.015809 seconds
Number of updated asset objects reloaded before import = 0
Number of asset objects unloaded after import = 2
========================================================================
Received Import Request.
  Time since last request: 0.001455 seconds.
  path: Assets/Toon Furniture/Textures/Door_1.png
  artifactKey: Guid(5da9784f75b607649b4f41ce7a6a0f62) Importer(815301076,1909f56bfc062723c751e8b465ee728b)
Start importing Assets/Toon Furniture/Textures/Door_1.png using Guid(5da9784f75b607649b4f41ce7a6a0f62) Importer(815301076,1909f56bfc062723c751e8b465ee728b)  -> (artifact id: '086f891a12d620e474697c9f98369ade') in 0.017172 seconds
Number of updated asset objects reloaded before import = 0
Number of asset objects unloaded after import = 2
========================================================================
Received Import Request.
  Time since last request: 0.000022 seconds.
  path: Assets/Toon Furniture/Textures/Pillows_1_4.png
  artifactKey: Guid(918ebdb198c175a4cb3d209b2f45eb25) Importer(815301076,1909f56bfc062723c751e8b465ee728b)
Start importing Assets/Toon Furniture/Textures/Pillows_1_4.png using Guid(918ebdb198c175a4cb3d209b2f45eb25) Importer(815301076,1909f56bfc062723c751e8b465ee728b)  -> (artifact id: 'c3a72ecbd4f2bee69735ad21a9bc6a69') in 0.017200 seconds
Number of updated asset objects reloaded before import = 0
Number of asset objects unloaded after import = 2
========================================================================
Received Import Request.
  Time since last request: 0.000038 seconds.
  path: Assets/Toon Furniture/Textures/Pillows_1_1.png
  artifactKey: Guid(d6bc1032050d2564d84b5fb22057d59f) Importer(815301076,1909f56bfc062723c751e8b465ee728b)
Start importing Assets/Toon Furniture/Textures/Pillows_1_1.png using Guid(d6bc1032050d2564d84b5fb22057d59f) Importer(815301076,1909f56bfc062723c751e8b465ee728b)  -> (artifact id: '1d4663b0210e927ec41631e5e41d1f37') in 0.017706 seconds
Number of updated asset objects reloaded before import = 0
Number of asset objects unloaded after import = 2
========================================================================
Received Import Request.
  Time since last request: 1.028423 seconds.
  path: Assets/Toon Furniture/Textures/Queen_Bed_1_1.png
  artifactKey: Guid(2f101a28367b51c41a9a52bd0ee8622e) Importer(815301076,1909f56bfc062723c751e8b465ee728b)
Start importing Assets/Toon Furniture/Textures/Queen_Bed_1_1.png using Guid(2f101a28367b51c41a9a52bd0ee8622e) Importer(815301076,1909f56bfc062723c751e8b465ee728b)  -> (artifact id: 'c7668d6d1dd1b33dd6f8077b81a427a1') in 0.018444 seconds
Number of updated asset objects reloaded before import = 0
Number of asset objects unloaded after import = 2
========================================================================
Received Import Request.
  Time since last request: 0.000049 seconds.
  path: Assets/Toon Furniture/Textures/Queen_Bed_2_2.png
  artifactKey: Guid(7f797639df09b4d48818ec83b5f10fa8) Importer(815301076,1909f56bfc062723c751e8b465ee728b)
Start importing Assets/Toon Furniture/Textures/Queen_Bed_2_2.png using Guid(7f797639df09b4d48818ec83b5f10fa8) Importer(815301076,1909f56bfc062723c751e8b465ee728b)  -> (artifact id: 'fac1a2128aada78f1d3067dff84ecf36') in 0.017049 seconds
Number of updated asset objects reloaded before import = 0
Number of asset objects unloaded after import = 2
========================================================================
Received Import Request.
  Time since last request: 0.000048 seconds.
  path: Assets/Toon Furniture/Textures/Refrigerator_2_Normal.png
  artifactKey: Guid(c917751a3bdc9374d838b81ee9197e65) Importer(815301076,1909f56bfc062723c751e8b465ee728b)
Start importing Assets/Toon Furniture/Textures/Refrigerator_2_Normal.png using Guid(c917751a3bdc9374d838b81ee9197e65) Importer(815301076,1909f56bfc062723c751e8b465ee728b)  -> (artifact id: '41b60b2cc85a5d4fb11efce59b052a13') in 0.017641 seconds
Number of updated asset objects reloaded before import = 0
Number of asset objects unloaded after import = 2
========================================================================
Received Import Request.
  Time since last request: 0.000017 seconds.
  path: Assets/Toon Furniture/Textures/Refrigerator_1_Normal.png
  artifactKey: Guid(b9cf6fbc52eec3949b0ce69f86c48715) Importer(815301076,1909f56bfc062723c751e8b465ee728b)
Start importing Assets/Toon Furniture/Textures/Refrigerator_1_Normal.png using Guid(b9cf6fbc52eec3949b0ce69f86c48715) Importer(815301076,1909f56bfc062723c751e8b465ee728b)  -> (artifact id: '45f9462835872785186e1e2003d69c11') in 0.018858 seconds
Number of updated asset objects reloaded before import = 0
Number of asset objects unloaded after import = 2
========================================================================
Received Import Request.
  Time since last request: 0.726011 seconds.
  path: Assets/Toon Furniture/Textures/Single_Bed_1_3.png
  artifactKey: Guid(279b291f074ed6f49b8080c328d6ca24) Importer(815301076,1909f56bfc062723c751e8b465ee728b)
Start importing Assets/Toon Furniture/Textures/Single_Bed_1_3.png using Guid(279b291f074ed6f49b8080c328d6ca24) Importer(815301076,1909f56bfc062723c751e8b465ee728b)  -> (artifact id: 'cc13c78f846b55226321094dc82a7e3f') in 0.025848 seconds
Number of updated asset objects reloaded before import = 0
Number of asset objects unloaded after import = 2
========================================================================
Received Import Request.
  Time since last request: 0.000018 seconds.
  path: Assets/Toon Furniture/Textures/Sink_1_2.png
  artifactKey: Guid(24265951c6239884397b673edba1c5e6) Importer(815301076,1909f56bfc062723c751e8b465ee728b)
Start importing Assets/Toon Furniture/Textures/Sink_1_2.png using Guid(24265951c6239884397b673edba1c5e6) Importer(815301076,1909f56bfc062723c751e8b465ee728b)  -> (artifact id: '9cfa711647f8e1d45a87b2b88281e3cc') in 0.017978 seconds
Number of updated asset objects reloaded before import = 0
Number of asset objects unloaded after import = 2
========================================================================
Received Import Request.
  Time since last request: 0.000016 seconds.
  path: Assets/Toon Furniture/Textures/Table_1_Normal.png
  artifactKey: Guid(28fd2a65d4785d34f95a69ed271fd428) Importer(815301076,1909f56bfc062723c751e8b465ee728b)
Start importing Assets/Toon Furniture/Textures/Table_1_Normal.png using Guid(28fd2a65d4785d34f95a69ed271fd428) Importer(815301076,1909f56bfc062723c751e8b465ee728b)  -> (artifact id: '771b4ce72a0a6a555d34c6e1d0ddee0e') in 0.018843 seconds
Number of updated asset objects reloaded before import = 0
Number of asset objects unloaded after import = 2
========================================================================
Received Import Request.
  Time since last request: 0.435615 seconds.
  path: Assets/Toon Furniture/Textures/Toilet_1_Normal.png
  artifactKey: Guid(4788905feeaff9a4ebd452c854ca2dc7) Importer(815301076,1909f56bfc062723c751e8b465ee728b)
Start importing Assets/Toon Furniture/Textures/Toilet_1_Normal.png using Guid(4788905feeaff9a4ebd452c854ca2dc7) Importer(815301076,1909f56bfc062723c751e8b465ee728b)  -> (artifact id: '728b904290c5c7c3024323d676061850') in 0.024886 seconds
Number of updated asset objects reloaded before import = 0
Number of asset objects unloaded after import = 2
========================================================================
Received Import Request.
  Time since last request: 0.000046 seconds.
  path: Assets/Toon Furniture/Textures/Vase_1_2.png
  artifactKey: Guid(d502b12872fbbda49b3965437a0ed3ce) Importer(815301076,1909f56bfc062723c751e8b465ee728b)
Start importing Assets/Toon Furniture/Textures/Vase_1_2.png using Guid(d502b12872fbbda49b3965437a0ed3ce) Importer(815301076,1909f56bfc062723c751e8b465ee728b)  -> (artifact id: 'b24568137867dc86eb14105bb6420154') in 0.017447 seconds
Number of updated asset objects reloaded before import = 0
Number of asset objects unloaded after import = 2
========================================================================
Received Import Request.
  Time since last request: 18.713615 seconds.
  path: Assets/Azerilo/Free Rug Pack/Prefab/Rug2.prefab
  artifactKey: Guid(46d2992933c6968418c33e934904d7ad) Importer(815301076,1909f56bfc062723c751e8b465ee728b)
Start importing Assets/Azerilo/Free Rug Pack/Prefab/Rug2.prefab using Guid(46d2992933c6968418c33e934904d7ad) Importer(815301076,1909f56bfc062723c751e8b465ee728b)  -> (artifact id: '2e79e469d26549b1dda3990b551f0374') in 0.091919 seconds
Number of updated asset objects reloaded before import = 0
Number of asset objects unloaded after import = 9
Editor requested this worker to shutdown with reason: Scaling down because of idle timeout
TcpMessagingSession - receive error: operation aborted. errorcode: 995, details: The I/O operation has been aborted because of either a thread exit or an application request.
AssetImportWorker is now disconnected from the server
Process exiting
Exiting without the bug reporter. Application will terminate with return code 0