Using pre-set license
Built from '2022.3/staging' branch; Version is '2022.3.10f1 (ff3792e53c62) revision 16725906'; Using compiler version '192829333'; Build Type 'Release'
OS: 'Windows 11  (10.0.22621) 64bit Professional' Language: 'en' Physical Memory: 16125 MB
BatchMode: 1, IsHumanControllingUs: 0, StartBugReporterOnCrash: 0, Is64bit: 1, IsPro: 1

COMMAND LINE ARGUMENTS:
C:\Program Files\Unity\Hub\Editor\2022.3.10f1\Editor\Unity.exe
-adb2
-batchMode
-noUpm
-name
AssetImportWorker0
-projectPath
C:/Users/sange/OneDrive/Documents/GitHub/TherapyRoom/TherapyRoomScene
-logFile
Logs/AssetImportWorker0.log
-srvPort
55969
Successfully changed project path to: C:/Users/sange/OneDrive/Documents/GitHub/TherapyRoom/TherapyRoomScene
C:/Users/sange/OneDrive/Documents/GitHub/TherapyRoom/TherapyRoomScene
[UnityMemory] Configuration Parameters - Can be set up in boot.config
    "memorysetup-bucket-allocator-granularity=16"
    "memorysetup-bucket-allocator-bucket-count=8"
    "memorysetup-bucket-allocator-block-size=33554432"
    "memorysetup-bucket-allocator-block-count=8"
    "memorysetup-main-allocator-block-size=16777216"
    "memorysetup-thread-allocator-block-size=16777216"
    "memorysetup-gfx-main-allocator-block-size=16777216"
    "memorysetup-gfx-thread-allocator-block-size=16777216"
    "memorysetup-cache-allocator-block-size=4194304"
    "memorysetup-typetree-allocator-block-size=2097152"
    "memorysetup-profiler-bucket-allocator-granularity=16"
    "memorysetup-profiler-bucket-allocator-bucket-count=8"
    "memorysetup-profiler-bucket-allocator-block-size=33554432"
    "memorysetup-profiler-bucket-allocator-block-count=8"
    "memorysetup-profiler-allocator-block-size=16777216"
    "memorysetup-profiler-editor-allocator-block-size=1048576"
    "memorysetup-temp-allocator-size-main=16777216"
    "memorysetup-job-temp-allocator-block-size=2097152"
    "memorysetup-job-temp-allocator-block-size-background=1048576"
    "memorysetup-job-temp-allocator-reduction-small-platforms=262144"
    "memorysetup-allocator-temp-initial-block-size-main=262144"
    "memorysetup-allocator-temp-initial-block-size-worker=262144"
    "memorysetup-temp-allocator-size-background-worker=32768"
    "memorysetup-temp-allocator-size-job-worker=262144"
    "memorysetup-temp-allocator-size-preload-manager=33554432"
    "memorysetup-temp-allocator-size-nav-mesh-worker=65536"
    "memorysetup-temp-allocator-size-audio-worker=65536"
    "memorysetup-temp-allocator-size-cloud-worker=32768"
    "memorysetup-temp-allocator-size-gi-baking-worker=262144"
    "memorysetup-temp-allocator-size-gfx=262144"
Player connection [9744] Host "[IP] 10.217.184.7 [Port] 0 [Flags] 2 [Guid] 2294928837 [EditorId] 2294928837 [Version] 1048832 [Id] WindowsEditor(7,DarrenR21) [Debug] 1 [PackageName] WindowsEditor [ProjectName] Editor" joined multi-casting on [225.0.0.222:54997]...

Player connection [9744] Host "[IP] 10.217.184.7 [Port] 0 [Flags] 2 [Guid] 2294928837 [EditorId] 2294928837 [Version] 1048832 [Id] WindowsEditor(7,DarrenR21) [Debug] 1 [PackageName] WindowsEditor [ProjectName] Editor" joined alternative multi-casting on [225.0.0.222:34997]...

[Physics::Module] Initialized MultithreadedJobDispatcher with 15 workers.
Refreshing native plugins compatible for Editor in 9.21 ms, found 3 plugins.
Preloading 0 native plugins for Editor in 0.00 ms.
Initialize engine version: 2022.3.10f1 (ff3792e53c62)
[Subsystems] Discovering subsystems at path C:/Program Files/Unity/Hub/Editor/2022.3.10f1/Editor/Data/Resources/UnitySubsystems
[Subsystems] Discovering subsystems at path C:/Users/sange/OneDrive/Documents/GitHub/TherapyRoom/TherapyRoomScene/Assets
GfxDevice: creating device client; threaded=0; jobified=0
Direct3D:
    Version:  Direct3D 11.0 [level 11.1]
    Renderer: NVIDIA GeForce RTX 3060 Laptop GPU (ID=0x2520)
    Vendor:   NVIDIA
    VRAM:     6010 MB
    Driver:   31.0.15.4601
Initialize mono
Mono path[0] = 'C:/Program Files/Unity/Hub/Editor/2022.3.10f1/Editor/Data/Managed'
Mono path[1] = 'C:/Program Files/Unity/Hub/Editor/2022.3.10f1/Editor/Data/MonoBleedingEdge/lib/mono/unityjit-win32'
Mono config path = 'C:/Program Files/Unity/Hub/Editor/2022.3.10f1/Editor/Data/MonoBleedingEdge/etc'
Using monoOptions --debugger-agent=transport=dt_socket,embedding=1,server=y,suspend=n,address=127.0.0.1:56012
Begin MonoManager ReloadAssembly
Registering precompiled unity dll's ...
Register platform support module: C:/Program Files/Unity/Hub/Editor/2022.3.10f1/Editor/Data/PlaybackEngines/WindowsStandaloneSupport/UnityEditor.WindowsStandalone.Extensions.dll
Registered in 0.006493 seconds.
- Loaded All Assemblies, in  0.322 seconds
Native extension for WindowsStandalone target not found
Mono: successfully reloaded assembly
- Finished resetting the current domain, in  0.241 seconds
Domain Reload Profiling: 561ms
	BeginReloadAssembly (95ms)
		ExecutionOrderSort (0ms)
		DisableScriptedObjects (0ms)
		BackupInstance (0ms)
		ReleaseScriptingObjects (0ms)
		CreateAndSetChildDomain (1ms)
	RebuildCommonClasses (30ms)
	RebuildNativeTypeToScriptingClass (9ms)
	initialDomainReloadingComplete (53ms)
	LoadAllAssembliesAndSetupDomain (133ms)
		LoadAssemblies (93ms)
		RebuildTransferFunctionScriptingTraits (0ms)
		AnalyzeDomain (131ms)
			TypeCache.Refresh (130ms)
				TypeCache.ScanAssembly (116ms)
			ScanForSourceGeneratedMonoScriptInfo (1ms)
			ResolveRequiredComponents (0ms)
	FinalizeReload (242ms)
		ReleaseScriptCaches (0ms)
		RebuildScriptCaches (0ms)
		SetupLoadedEditorAssemblies (187ms)
			LogAssemblyErrors (0ms)
			InitializePlatformSupportModulesInManaged (9ms)
			SetLoadedEditorAssemblies (7ms)
			RefreshPlugins (0ms)
			BeforeProcessingInitializeOnLoad (2ms)
			ProcessInitializeOnLoadAttributes (127ms)
			ProcessInitializeOnLoadMethodAttributes (42ms)
			AfterProcessingInitializeOnLoad (0ms)
			EditorAssembliesLoaded (0ms)
		ExecutionOrderSort2 (0ms)
		AwakeInstancesAfterBackupRestoration (0ms)
========================================================================
Worker process is ready to serve import requests
Begin MonoManager ReloadAssembly
- Loaded All Assemblies, in  0.586 seconds
Refreshing native plugins compatible for Editor in 2.99 ms, found 3 plugins.
Native extension for WindowsStandalone target not found
Package Manager log level set to [2]
[Package Manager] Server::EnsureServerProcessIsRunning -- launch failed, reason: Unity was launched with the -noUpm command-line argument
[Package Manager] UpmClient::Send -- Unable to send message (not connected to UPM process).
[Package Manager] Cannot connect to Unity Package Manager local server
Mono: successfully reloaded assembly
- Finished resetting the current domain, in  0.511 seconds
Domain Reload Profiling: 1094ms
	BeginReloadAssembly (141ms)
		ExecutionOrderSort (0ms)
		DisableScriptedObjects (5ms)
		BackupInstance (0ms)
		ReleaseScriptingObjects (0ms)
		CreateAndSetChildDomain (21ms)
	RebuildCommonClasses (30ms)
	RebuildNativeTypeToScriptingClass (9ms)
	initialDomainReloadingComplete (38ms)
	LoadAllAssembliesAndSetupDomain (365ms)
		LoadAssemblies (279ms)
		RebuildTransferFunctionScriptingTraits (0ms)
		AnalyzeDomain (168ms)
			TypeCache.Refresh (149ms)
				TypeCache.ScanAssembly (132ms)
			ScanForSourceGeneratedMonoScriptInfo (14ms)
			ResolveRequiredComponents (3ms)
	FinalizeReload (511ms)
		ReleaseScriptCaches (0ms)
		RebuildScriptCaches (0ms)
		SetupLoadedEditorAssemblies (361ms)
			LogAssemblyErrors (0ms)
			InitializePlatformSupportModulesInManaged (5ms)
			SetLoadedEditorAssemblies (4ms)
			RefreshPlugins (0ms)
			BeforeProcessingInitializeOnLoad (52ms)
			ProcessInitializeOnLoadAttributes (274ms)
			ProcessInitializeOnLoadMethodAttributes (17ms)
			AfterProcessingInitializeOnLoad (8ms)
			EditorAssembliesLoaded (0ms)
		ExecutionOrderSort2 (0ms)
		AwakeInstancesAfterBackupRestoration (6ms)
Launched and connected shader compiler UnityShaderCompiler.exe after 0.05 seconds
Refreshing native plugins compatible for Editor in 4.76 ms, found 3 plugins.
Preloading 0 native plugins for Editor in 0.00 ms.
Unloading 3069 Unused Serialized files (Serialized files now loaded: 0)
Unloading 31 unused Assets / (56.4 KB). Loaded Objects now: 3531.
Memory consumption went from 114.4 MB to 114.4 MB.
Total: 4.443500 ms (FindLiveObjects: 0.325300 ms CreateObjectMapping: 0.199600 ms MarkObjects: 3.781200 ms  DeleteObjects: 0.135500 ms)

AssetImportParameters requested are different than current active one (requested -> active):
  custom:container-demuxer-ogg: 62fdf1f143b41e24485cea50d1cbac27 -> 
  custom:video-codec-MediaFoundation-h265: 746d11721c4dcdbdad8f713fa42b33f4 -> 
  custom:video-decoder-ogg-theora: a1e56fd34408186e4bbccfd4996cb3dc -> 
  custom:framework-win-MediaFoundation: 216162199b28c13a410421893ffa2e32 -> 
  custom:CustomObjectIndexerAttribute: 756ad292c208cfabdd7b50bc23989ffe -> 
  custom:container-demuxer-webm: 4f35f7cbe854078d1ac9338744f61a02 -> 
  custom:container-muxer-webm: aa71ff27fc2769a1b78a27578f13a17b -> 
  custom:video-decoder-webm-vp8: 9c59270c3fd7afecdb556c50c9e8de78 -> 
  custom:SearchIndexIgnoredProperties: e643bd26f0fe6173181afceb89e7c659 -> 
  custom:AudioImporter_EditorPlatform: d09bf68614088b80899f8185d706f6e7 -> 
  custom:video-encoder-webm-vp8: eb34c28f22e8b96e1ab97ce403110664 -> 
  custom:audio-decoder-ogg-vorbis: bf7c407c2cedff20999df2af8eb42d56 -> 
  custom:audio-encoder-webm-vorbis: bf7c407c2cedff20999df2af8eb42d56 -> 
========================================================================
Received Import Request.
  Time since last request: 361590.348959 seconds.
  path: Assets/Wall Color.mat
  artifactKey: Guid(3ba6a63754a03694e8c3aa5085150013) Importer(815301076,1909f56bfc062723c751e8b465ee728b)
Start importing Assets/Wall Color.mat using Guid(3ba6a63754a03694e8c3aa5085150013) Importer(815301076,1909f56bfc062723c751e8b465ee728b)  -> (artifact id: '7a09877626b4606b687bb4d826653127') in 0.105815 seconds
Number of updated asset objects reloaded before import = 0
Number of asset objects unloaded after import = 1
========================================================================
Received Import Request.
  Time since last request: 5.554120 seconds.
  path: Assets
  artifactKey: Guid(00000000000000001000000000000000) Importer(815301076,1909f56bfc062723c751e8b465ee728b)
Start importing Assets using Guid(00000000000000001000000000000000) Importer(815301076,1909f56bfc062723c751e8b465ee728b)  -> (artifact id: '8a4fe85251aa2e89732c359432baa2c3') in 0.000475 seconds
Number of updated asset objects reloaded before import = 0
Number of asset objects unloaded after import = 0
========================================================================
Received Import Request.
  Time since last request: 3.575060 seconds.
  path: Assets/New Material.mat
  artifactKey: Guid(5f127225c2948594fa35912def2cb4c4) Importer(815301076,1909f56bfc062723c751e8b465ee728b)
Start importing Assets/New Material.mat using Guid(5f127225c2948594fa35912def2cb4c4) Importer(815301076,1909f56bfc062723c751e8b465ee728b)  -> (artifact id: 'dc4eaa18a9de3e205fc32b826c2c2bfd') in 0.021047 seconds
Number of updated asset objects reloaded before import = 0
Number of asset objects unloaded after import = 1
========================================================================
Received Import Request.
  Time since last request: 7.275415 seconds.
  path: Assets/Roof Color.mat
  artifactKey: Guid(3988ef4651912db4fb6a9d48229087b4) Importer(815301076,1909f56bfc062723c751e8b465ee728b)
Start importing Assets/Roof Color.mat using Guid(3988ef4651912db4fb6a9d48229087b4) Importer(815301076,1909f56bfc062723c751e8b465ee728b)  -> (artifact id: '82921d8131461263ff9ff778a3976359') in 0.020553 seconds
Number of updated asset objects reloaded before import = 0
Number of asset objects unloaded after import = 1
========================================================================
Received Import Request.
  Time since last request: 8.724019 seconds.
  path: Assets/Floor Color.mat
  artifactKey: Guid(5f127225c2948594fa35912def2cb4c4) Importer(815301076,1909f56bfc062723c751e8b465ee728b)
Start importing Assets/Floor Color.mat using Guid(5f127225c2948594fa35912def2cb4c4) Importer(815301076,1909f56bfc062723c751e8b465ee728b)  -> (artifact id: '0687d39beaab12443b2bededdac0f7cd') in 0.018291 seconds
Number of updated asset objects reloaded before import = 0
Number of asset objects unloaded after import = 1
========================================================================
Received Import Request.
  Time since last request: 108.491242 seconds.
  path: Assets/Toon Furniture
  artifactKey: Guid(a50cc720eba18e946bf8a2c677cedab6) Importer(815301076,1909f56bfc062723c751e8b465ee728b)
Start importing Assets/Toon Furniture using Guid(a50cc720eba18e946bf8a2c677cedab6) Importer(815301076,1909f56bfc062723c751e8b465ee728b)  -> (artifact id: '120f92de3ddfc582e52282160f3b25cc') in 0.000539 seconds
Number of updated asset objects reloaded before import = 0
Number of asset objects unloaded after import = 0
========================================================================
Received Import Request.
  Time since last request: 2.240010 seconds.
  path: Assets/Toon Furniture/Prefabs
  artifactKey: Guid(e7386da458e0dd34692fe7dabe25853b) Importer(815301076,1909f56bfc062723c751e8b465ee728b)
Start importing Assets/Toon Furniture/Prefabs using Guid(e7386da458e0dd34692fe7dabe25853b) Importer(815301076,1909f56bfc062723c751e8b465ee728b)  -> (artifact id: 'dc1fc947ff6930cb721dd98ecd48e59e') in 0.000477 seconds
Number of updated asset objects reloaded before import = 0
Number of asset objects unloaded after import = 0
========================================================================
Received Import Request.
  Time since last request: 0.099746 seconds.
  path: Assets/Toon Furniture/Prefabs/Ball_1.prefab
  artifactKey: Guid(4945551f5e101604ab8cd71442e62a7e) Importer(815301076,1909f56bfc062723c751e8b465ee728b)
Start importing Assets/Toon Furniture/Prefabs/Ball_1.prefab using Guid(4945551f5e101604ab8cd71442e62a7e) Importer(815301076,1909f56bfc062723c751e8b465ee728b)  -> (artifact id: '64369647650a16318901ec753ce481f8') in 0.177853 seconds
Number of updated asset objects reloaded before import = 0
Number of asset objects unloaded after import = 9
========================================================================
Received Import Request.
  Time since last request: 0.000030 seconds.
  path: Assets/Toon Furniture/Prefabs/CoffeTable_3.prefab
  artifactKey: Guid(84b3095a92ec27d448532647a747bbf9) Importer(815301076,1909f56bfc062723c751e8b465ee728b)
Start importing Assets/Toon Furniture/Prefabs/CoffeTable_3.prefab using Guid(84b3095a92ec27d448532647a747bbf9) Importer(815301076,1909f56bfc062723c751e8b465ee728b)  -> (artifact id: 'ea0476278eb8f5a88a07a55f4f23658c') in 0.021790 seconds
Number of updated asset objects reloaded before import = 0
Number of asset objects unloaded after import = 10
========================================================================
Received Import Request.
  Time since last request: 0.000042 seconds.
  path: Assets/Toon Furniture/Prefabs/Chair_5.prefab
  artifactKey: Guid(094b1ce88c26fa145ae8b34a1712b67e) Importer(815301076,1909f56bfc062723c751e8b465ee728b)
Start importing Assets/Toon Furniture/Prefabs/Chair_5.prefab using Guid(094b1ce88c26fa145ae8b34a1712b67e) Importer(815301076,1909f56bfc062723c751e8b465ee728b)  -> (artifact id: 'd52bdebca519f45be8502dc7fe19331f') in 0.028625 seconds
Number of updated asset objects reloaded before import = 0
Number of asset objects unloaded after import = 10
========================================================================
Received Import Request.
  Time since last request: 0.000024 seconds.
  path: Assets/Toon Furniture/Prefabs/Cooker_1.prefab
  artifactKey: Guid(c52450844cbe82d4b8e23d3c84431f3c) Importer(815301076,1909f56bfc062723c751e8b465ee728b)
Start importing Assets/Toon Furniture/Prefabs/Cooker_1.prefab using Guid(c52450844cbe82d4b8e23d3c84431f3c) Importer(815301076,1909f56bfc062723c751e8b465ee728b)  -> (artifact id: '3e41a62680d3e81ea341a354cf14bbb9') in 0.021459 seconds
Number of updated asset objects reloaded before import = 0
Number of asset objects unloaded after import = 10
========================================================================
Received Import Request.
  Time since last request: 0.000030 seconds.
  path: Assets/Toon Furniture/Prefabs/Refrigerator_1.prefab
  artifactKey: Guid(cae965229ed2dc64396613399ba974d4) Importer(815301076,1909f56bfc062723c751e8b465ee728b)
Start importing Assets/Toon Furniture/Prefabs/Refrigerator_1.prefab using Guid(cae965229ed2dc64396613399ba974d4) Importer(815301076,1909f56bfc062723c751e8b465ee728b)  -> (artifact id: 'bc1e31cc62bb40974146f48b844c1a28') in 0.023307 seconds
Number of updated asset objects reloaded before import = 0
Number of asset objects unloaded after import = 10
========================================================================
Received Import Request.
  Time since last request: 0.000032 seconds.
  path: Assets/Toon Furniture/Prefabs/Pilllow_2.prefab
  artifactKey: Guid(55ee4d169dfcc4b4484fd9ccd27b7764) Importer(815301076,1909f56bfc062723c751e8b465ee728b)
Start importing Assets/Toon Furniture/Prefabs/Pilllow_2.prefab using Guid(55ee4d169dfcc4b4484fd9ccd27b7764) Importer(815301076,1909f56bfc062723c751e8b465ee728b)  -> (artifact id: 'a892a59e3597a28d9cba6f173925e754') in 0.019810 seconds
Number of updated asset objects reloaded before import = 0
Number of asset objects unloaded after import = 10
========================================================================
Received Import Request.
  Time since last request: 0.000029 seconds.
  path: Assets/Toon Furniture/Prefabs/House_Plant_1.prefab
  artifactKey: Guid(65b6f096056a3644389b3bda6c9e8a80) Importer(815301076,1909f56bfc062723c751e8b465ee728b)
Start importing Assets/Toon Furniture/Prefabs/House_Plant_1.prefab using Guid(65b6f096056a3644389b3bda6c9e8a80) Importer(815301076,1909f56bfc062723c751e8b465ee728b)  -> (artifact id: '430d555e409a245c1c8860ea559e109e') in 0.085926 seconds
Number of updated asset objects reloaded before import = 0
Number of asset objects unloaded after import = 18
========================================================================
Received Import Request.
  Time since last request: 0.000019 seconds.
  path: Assets/Toon Furniture/Prefabs/Books_1_3.prefab
  artifactKey: Guid(1d01d3e47aa094e46a9b21e9bfe34386) Importer(815301076,1909f56bfc062723c751e8b465ee728b)
Start importing Assets/Toon Furniture/Prefabs/Books_1_3.prefab using Guid(1d01d3e47aa094e46a9b21e9bfe34386) Importer(815301076,1909f56bfc062723c751e8b465ee728b)  -> (artifact id: 'c6dab9357397d6a9dacfaeb96f0850c0') in 0.012837 seconds
Number of updated asset objects reloaded before import = 0
Number of asset objects unloaded after import = 9
========================================================================
Received Import Request.
  Time since last request: 0.000018 seconds.
  path: Assets/Toon Furniture/Prefabs/Kitchen_Cabinet_1.prefab
  artifactKey: Guid(9a8e2ad0cc8923746b7b5ef3f7c34059) Importer(815301076,1909f56bfc062723c751e8b465ee728b)
Start importing Assets/Toon Furniture/Prefabs/Kitchen_Cabinet_1.prefab using Guid(9a8e2ad0cc8923746b7b5ef3f7c34059) Importer(815301076,1909f56bfc062723c751e8b465ee728b)  -> (artifact id: '2f4fb386b343e2df81e1857e7aa9cfb6') in 0.027751 seconds
Number of updated asset objects reloaded before import = 0
Number of asset objects unloaded after import = 17
========================================================================
Received Import Request.
  Time since last request: 0.000052 seconds.
  path: Assets/Toon Furniture/Prefabs/Chair_8.prefab
  artifactKey: Guid(d6caea8253c81d34bb7c579c61127646) Importer(815301076,1909f56bfc062723c751e8b465ee728b)
Start importing Assets/Toon Furniture/Prefabs/Chair_8.prefab using Guid(d6caea8253c81d34bb7c579c61127646) Importer(815301076,1909f56bfc062723c751e8b465ee728b)  -> (artifact id: '9d908b99b6ac94683fdf82c5e809a378') in 0.016311 seconds
Number of updated asset objects reloaded before import = 0
Number of asset objects unloaded after import = 10
========================================================================
Received Import Request.
  Time since last request: 0.000033 seconds.
  path: Assets/Toon Furniture/Prefabs/Vase_1.prefab
  artifactKey: Guid(dcca16ec28ac4b44aa6543de547345bb) Importer(815301076,1909f56bfc062723c751e8b465ee728b)
Start importing Assets/Toon Furniture/Prefabs/Vase_1.prefab using Guid(dcca16ec28ac4b44aa6543de547345bb) Importer(815301076,1909f56bfc062723c751e8b465ee728b)  -> (artifact id: 'da9f54fb9d4792245ed70684e6fa5799') in 0.015550 seconds
Number of updated asset objects reloaded before import = 0
Number of asset objects unloaded after import = 10
========================================================================
Received Import Request.
  Time since last request: 0.000043 seconds.
  path: Assets/Toon Furniture/Prefabs/Couch_2.prefab
  artifactKey: Guid(eb6a9e1981932144d8dfe0055c6c90f1) Importer(815301076,1909f56bfc062723c751e8b465ee728b)
Start importing Assets/Toon Furniture/Prefabs/Couch_2.prefab using Guid(eb6a9e1981932144d8dfe0055c6c90f1) Importer(815301076,1909f56bfc062723c751e8b465ee728b)  -> (artifact id: '8c67cfd28ee6d26f9100d9120482e4ce') in 0.014723 seconds
Number of updated asset objects reloaded before import = 0
Number of asset objects unloaded after import = 10
========================================================================
Received Import Request.
  Time since last request: 0.000016 seconds.
  path: Assets/Toon Furniture/Prefabs/Chair_9.prefab
  artifactKey: Guid(b006dd3bb62abd14a83157791fb647ec) Importer(815301076,1909f56bfc062723c751e8b465ee728b)
Start importing Assets/Toon Furniture/Prefabs/Chair_9.prefab using Guid(b006dd3bb62abd14a83157791fb647ec) Importer(815301076,1909f56bfc062723c751e8b465ee728b)  -> (artifact id: '7c6e08bb3d656eabc1f8a2ab77be88db') in 0.015812 seconds
Number of updated asset objects reloaded before import = 0
Number of asset objects unloaded after import = 10
========================================================================
Received Import Request.
  Time since last request: 0.000023 seconds.
  path: Assets/Toon Furniture/Prefabs/Toilet_1.prefab
  artifactKey: Guid(003efb3587f76014688a1190cee2c8c9) Importer(815301076,1909f56bfc062723c751e8b465ee728b)
Start importing Assets/Toon Furniture/Prefabs/Toilet_1.prefab using Guid(003efb3587f76014688a1190cee2c8c9) Importer(815301076,1909f56bfc062723c751e8b465ee728b)  -> (artifact id: 'bbd1aa342891df559e9210ae7e694254') in 0.015373 seconds
Number of updated asset objects reloaded before import = 0
Number of asset objects unloaded after import = 10
========================================================================
Received Import Request.
  Time since last request: 0.000022 seconds.
  path: Assets/Toon Furniture/Prefabs/Counter_2_2.prefab
  artifactKey: Guid(0b26924746d6cad4780f9d19829b95b3) Importer(815301076,1909f56bfc062723c751e8b465ee728b)
Start importing Assets/Toon Furniture/Prefabs/Counter_2_2.prefab using Guid(0b26924746d6cad4780f9d19829b95b3) Importer(815301076,1909f56bfc062723c751e8b465ee728b)  -> (artifact id: '36ca102bc62284a9b7e5a5bb51358999') in 0.017320 seconds
Number of updated asset objects reloaded before import = 0
Number of asset objects unloaded after import = 10
========================================================================
Received Import Request.
  Time since last request: 0.000029 seconds.
  path: Assets/Toon Furniture/Prefabs/Single_Bed_1.prefab
  artifactKey: Guid(21d9d51385e39804281f257f3a9bfab0) Importer(815301076,1909f56bfc062723c751e8b465ee728b)
Start importing Assets/Toon Furniture/Prefabs/Single_Bed_1.prefab using Guid(21d9d51385e39804281f257f3a9bfab0) Importer(815301076,1909f56bfc062723c751e8b465ee728b)  -> (artifact id: '779368c82b429cc351a7e90b5522a846') in 0.021181 seconds
Number of updated asset objects reloaded before import = 0
Number of asset objects unloaded after import = 30
========================================================================
Received Import Request.
  Time since last request: 0.000060 seconds.
  path: Assets/Toon Furniture/Prefabs/Refrigerator_2.prefab
  artifactKey: Guid(7f58309ce166972478cee4c83a1c91cd) Importer(815301076,1909f56bfc062723c751e8b465ee728b)
Start importing Assets/Toon Furniture/Prefabs/Refrigerator_2.prefab using Guid(7f58309ce166972478cee4c83a1c91cd) Importer(815301076,1909f56bfc062723c751e8b465ee728b)  -> (artifact id: '4fdfa40992277df8d56847cf948e8cf0') in 0.018215 seconds
Number of updated asset objects reloaded before import = 0
Number of asset objects unloaded after import = 10
========================================================================
Received Import Request.
  Time since last request: 0.000051 seconds.
  path: Assets/Toon Furniture/Prefabs/Pillow_1.prefab
  artifactKey: Guid(1fcc8ec3f56125644a57945c32cc1946) Importer(815301076,1909f56bfc062723c751e8b465ee728b)
Start importing Assets/Toon Furniture/Prefabs/Pillow_1.prefab using Guid(1fcc8ec3f56125644a57945c32cc1946) Importer(815301076,1909f56bfc062723c751e8b465ee728b)  -> (artifact id: '19dbb6d3fca14d38297dcdac7782941b') in 0.015591 seconds
Number of updated asset objects reloaded before import = 0
Number of asset objects unloaded after import = 10
========================================================================
Received Import Request.
  Time since last request: 0.000024 seconds.
  path: Assets/Toon Furniture/Prefabs/Chair_1.prefab
  artifactKey: Guid(6f2b08c1ec2e79f4688cdc292da8ff85) Importer(815301076,1909f56bfc062723c751e8b465ee728b)
Start importing Assets/Toon Furniture/Prefabs/Chair_1.prefab using Guid(6f2b08c1ec2e79f4688cdc292da8ff85) Importer(815301076,1909f56bfc062723c751e8b465ee728b)  -> (artifact id: 'f9110fd14212f1fc90113589fbf2ea82') in 0.017729 seconds
Number of updated asset objects reloaded before import = 0
Number of asset objects unloaded after import = 10
========================================================================
Received Import Request.
  Time since last request: 0.000018 seconds.
  path: Assets/Toon Furniture/Prefabs/Chair_7.prefab
  artifactKey: Guid(4ae30892f34ad334095085eacc4dcb7b) Importer(815301076,1909f56bfc062723c751e8b465ee728b)
Start importing Assets/Toon Furniture/Prefabs/Chair_7.prefab using Guid(4ae30892f34ad334095085eacc4dcb7b) Importer(815301076,1909f56bfc062723c751e8b465ee728b)  -> (artifact id: '1cb86592729f010b5805f83d8f28d410') in 0.019332 seconds
Number of updated asset objects reloaded before import = 0
Number of asset objects unloaded after import = 10
========================================================================
Received Import Request.
  Time since last request: 0.000029 seconds.
  path: Assets/Toon Furniture/Prefabs/Counter_2_1.prefab
  artifactKey: Guid(322de118bfa5ec4418f29255f2bdeac0) Importer(815301076,1909f56bfc062723c751e8b465ee728b)
Start importing Assets/Toon Furniture/Prefabs/Counter_2_1.prefab using Guid(322de118bfa5ec4418f29255f2bdeac0) Importer(815301076,1909f56bfc062723c751e8b465ee728b)  -> (artifact id: 'ab16546b894a1e3dbba113419a803213') in 0.019577 seconds
Number of updated asset objects reloaded before import = 0
Number of asset objects unloaded after import = 10
========================================================================
Received Import Request.
  Time since last request: 0.000023 seconds.
  path: Assets/Toon Furniture/Prefabs/Chair_6.prefab
  artifactKey: Guid(90421e262216bf6428b4337235113ed2) Importer(815301076,1909f56bfc062723c751e8b465ee728b)
Start importing Assets/Toon Furniture/Prefabs/Chair_6.prefab using Guid(90421e262216bf6428b4337235113ed2) Importer(815301076,1909f56bfc062723c751e8b465ee728b)  -> (artifact id: 'ae45bfb1b244e04b4690989eec00c498') in 0.018849 seconds
Number of updated asset objects reloaded before import = 0
Number of asset objects unloaded after import = 10
Editor requested this worker to shutdown with reason: Scaling down because of idle timeout
TcpMessagingSession - receive error: operation aborted. errorcode: 995, details: The I/O operation has been aborted because of either a thread exit or an application request.
AssetImportWorker is now disconnected from the server
Process exiting
Exiting without the bug reporter. Application will terminate with return code 0